日志时间：2016/8/8 10:40:00
日志级别：Error
日志内容：--【访问地址】:http://192.168.3.95:8125/Film/Building *注：*在执行 controller[Film] 的 action[Building] 时产生异常:【未找到视图“Building”或其母版视图，或没有视图引擎支持搜索的位置。搜索了以下位置: 
~/Views/Film/Building.aspx
~/Views/Film/Building.ascx
~/Views/Shared/Building.aspx
~/Views/Shared/Building.ascx
~/Views/Film/Building.cshtml
~/Views/Film/Building.vbhtml
~/Views/Shared/Building.cshtml
~/Views/Shared/Building.vbhtml】，详情:   在 System.Web.Mvc.ViewResult.FindView(ControllerContext context)
   在 System.Web.Mvc.ViewResultBase.ExecuteResult(ControllerContext context)
   在 System.Web.Mvc.ControllerActionInvoker.<>c__DisplayClass1a.<InvokeActionResultWithFilters>b__17()
   在 System.Web.Mvc.ControllerActionInvoker.InvokeActionResultFilter(IResultFilter filter, ResultExecutingContext preContext, Func`1 continuation)
   在 System.Web.Mvc.Async.AsyncControllerActionInvoker.<>c__DisplayClass25.<BeginInvokeAction>b__22(IAsyncResult asyncResult)    ###    【访问来源】:   ###    【访问IP】:192.168.3.95  --------2016/8/8 10:40:00 ##
******************************
日志时间：2016/8/8 10:48:22
日志级别：Error
日志内容：--【访问地址】:http://192.168.3.95:8125/Film/Building *注：*在执行 controller[Film] 的 action[Building] 时产生异常:【仅对 LINQ to Entities 中已排序的输入支持方法“Skip”。必须在调用“Skip”方法之前调用方法“OrderBy”。】，详情:   在 System.Data.Entity.Core.Objects.ELinq.ExpressionConverter.OrderByLifter.PassthroughOrderByLifter.Skip(DbExpression k)
   在 System.Data.Entity.Core.Objects.ELinq.ExpressionConverter.Skip(DbExpressionBinding input, DbExpression skipCount)
   在 System.Data.Entity.Core.Objects.ELinq.ExpressionConverter.MethodCallTranslator.PagingTranslator.TranslateUnary(ExpressionConverter parent, DbExpression operand, MethodCallExpression call)
   在 System.Data.Entity.Core.Objects.ELinq.ExpressionConverter.MethodCallTranslator.TypedTranslate(ExpressionConverter parent, MethodCallExpression linq)
   在 System.Data.Entity.Core.Objects.ELinq.ExpressionConverter.TranslateExpression(Expression linq)
   在 System.Data.Entity.Core.Objects.ELinq.ExpressionConverter.MethodCallTranslator.UnarySequenceMethodTranslator.Translate(ExpressionConverter parent, MethodCallExpression call)
   在 System.Data.Entity.Core.Objects.ELinq.ExpressionConverter.MethodCallTranslator.TypedTranslate(ExpressionConverter parent, MethodCallExpression linq)
   在 System.Data.Entity.Core.Objects.ELinq.ExpressionConverter.TranslateExpression(Expression linq)
   在 System.Data.Entity.Core.Objects.ELinq.ExpressionConverter.Convert()
   在 System.Data.Entity.Core.Objects.ELinq.ELinqQueryState.GetExecutionPlan(Nullable`1 forMergeOption)
   在 System.Data.Entity.Core.Objects.ObjectQuery`1.<>c__DisplayClass3.<GetResults>b__2()
   在 System.Data.Entity.Core.Objects.ObjectContext.ExecuteInTransaction[T](Func`1 func, IDbExecutionStrategy executionStrategy, Boolean startLocalTransaction, Boolean releaseConnectionOnSuccess)
   在 System.Data.Entity.Core.Objects.ObjectQuery`1.<>c__DisplayClass3.<GetResults>b__1()
   在 System.Data.Entity.SqlServer.DefaultSqlExecutionStrategy.Execute[TResult](Func`1 operation)
   在 System.Data.Entity.Core.Objects.ObjectQuery`1.GetResults(Nullable`1 forMergeOption)
   在 System.Data.Entity.Core.Objects.ObjectQuery`1.<System.Collections.Generic.IEnumerable<T>.GetEnumerator>b__0()
   在 System.Data.Entity.Internal.LazyEnumerator`1.MoveNext()
   在 System.Collections.Generic.List`1.InsertRange(Int32 index, IEnumerable`1 collection)
   在 Webdiyer.WebControls.Mvc.PageLinqExtensions.ToPagedList[T](IQueryable`1 allItems, Int32 pageIndex, Int32 pageSize)
   在 JiGuangLinXin.App.AdminCenter.Controllers.Prize.FilmController.Building(String id, Int32 pn, Int32 rows, String key) 位置 e:\companyProject\极光邻信App2.0\code\JiGuangLinXin.App2.1\JiGuangLinXin.App2.0\JiGuangLinXin.App.AdminCenter\Controllers\Prize\FilmController.cs:行号 69
   在 lambda_method(Closure , ControllerBase , Object[] )
   在 System.Web.Mvc.ReflectedActionDescriptor.Execute(ControllerContext controllerContext, IDictionary`2 parameters)
   在 System.Web.Mvc.ControllerActionInvoker.InvokeActionMethod(ControllerContext controllerContext, ActionDescriptor actionDescriptor, IDictionary`2 parameters)
   在 System.Web.Mvc.Async.AsyncControllerActionInvoker.<>c__DisplayClass42.<BeginInvokeSynchronousActionMethod>b__41()
   在 System.Web.Mvc.Async.AsyncControllerActionInvoker.EndInvokeActionMethod(IAsyncResult asyncResult)
   在 System.Web.Mvc.Async.AsyncControllerActionInvoker.<>c__DisplayClass37.<>c__DisplayClass39.<BeginInvokeActionMethodWithFilters>b__33()
   在 System.Web.Mvc.Async.AsyncControllerActionInvoker.<>c__DisplayClass4f.<InvokeActionMethodFilterAsynchronously>b__49()
   在 System.Web.Mvc.Async.AsyncControllerActionInvoker.EndInvokeActionMethodWithFilters(IAsyncResult asyncResult)
   在 System.Web.Mvc.Async.AsyncControllerActionInvoker.<>c__DisplayClass25.<>c__DisplayClass2a.<BeginInvokeAction>b__20()
   在 System.Web.Mvc.Async.AsyncControllerActionInvoker.<>c__DisplayClass25.<BeginInvokeAction>b__22(IAsyncResult asyncResult)    ###    【访问来源】:   ###    【访问IP】:192.168.3.95  --------2016/8/8 10:48:21 ##
******************************
日志时间：2016/8/8 10:49:04
日志级别：Error
日志内容：--【访问地址】:http://192.168.3.95:8125/Film/building *注：*在执行 controller[Film] 的 action[building] 时产生异常:【传入字典的模型项的类型为“Webdiyer.WebControls.Mvc.PagedList`1[<>f__AnonymousType7`3[System.Nullable`1[System.Guid],System.String,System.Int32]]”，但此字典需要类型“Webdiyer.WebControls.Mvc.PagedList`1[System.Object]”的模型项。】，详情:   在 System.Web.Mvc.ViewDataDictionary`1.SetModel(Object value)
   在 System.Web.Mvc.ViewDataDictionary..ctor(ViewDataDictionary dictionary)
   在 System.Web.Mvc.WebViewPage`1.SetViewData(ViewDataDictionary viewData)
   在 System.Web.Mvc.RazorView.RenderView(ViewContext viewContext, TextWriter writer, Object instance)
   在 System.Web.Mvc.ViewResultBase.ExecuteResult(ControllerContext context)
   在 System.Web.Mvc.ControllerActionInvoker.<>c__DisplayClass1a.<InvokeActionResultWithFilters>b__17()
   在 System.Web.Mvc.ControllerActionInvoker.InvokeActionResultFilter(IResultFilter filter, ResultExecutingContext preContext, Func`1 continuation)
   在 System.Web.Mvc.Async.AsyncControllerActionInvoker.<>c__DisplayClass25.<BeginInvokeAction>b__22(IAsyncResult asyncResult)    ###    【访问来源】:   ###    【访问IP】:192.168.3.95  --------2016/8/8 10:49:04 ##
******************************
日志时间：2016/8/8 10:49:35
日志级别：Error
日志内容：--【访问地址】:http://192.168.3.95:8125/Film/Building *注：*在执行 controller[Film] 的 action[Building] 时产生异常:【传入字典的模型项的类型为“Webdiyer.WebControls.Mvc.PagedList`1[<>f__AnonymousType7`3[System.Nullable`1[System.Guid],System.String,System.Int32]]”，但此字典需要类型“Webdiyer.WebControls.Mvc.PagedList`1[System.Object]”的模型项。】，详情:   在 System.Web.Mvc.ViewDataDictionary`1.SetModel(Object value)
   在 System.Web.Mvc.ViewDataDictionary..ctor(ViewDataDictionary dictionary)
   在 System.Web.Mvc.WebViewPage`1.SetViewData(ViewDataDictionary viewData)
   在 System.Web.Mvc.RazorView.RenderView(ViewContext viewContext, TextWriter writer, Object instance)
   在 System.Web.Mvc.ViewResultBase.ExecuteResult(ControllerContext context)
   在 System.Web.Mvc.ControllerActionInvoker.<>c__DisplayClass1a.<InvokeActionResultWithFilters>b__17()
   在 System.Web.Mvc.ControllerActionInvoker.InvokeActionResultFilter(IResultFilter filter, ResultExecutingContext preContext, Func`1 continuation)
   在 System.Web.Mvc.Async.AsyncControllerActionInvoker.<>c__DisplayClass25.<BeginInvokeAction>b__22(IAsyncResult asyncResult)    ###    【访问来源】:http://192.168.3.95:8125/Film?key=港湾   ###    【访问IP】:192.168.3.95  --------2016/8/8 10:49:35 ##
******************************
日志时间：2016/8/8 10:49:49
日志级别：Error
日志内容：--【访问地址】:http://192.168.3.95:8125/Film/Building *注：*在执行 controller[Film] 的 action[Building] 时产生异常:【传入字典的模型项的类型为“Webdiyer.WebControls.Mvc.PagedList`1[<>f__AnonymousType7`3[System.Nullable`1[System.Guid],System.String,System.Int32]]”，但此字典需要类型“Webdiyer.WebControls.Mvc.PagedList`1[System.Object]”的模型项。】，详情:   在 System.Web.Mvc.ViewDataDictionary`1.SetModel(Object value)
   在 System.Web.Mvc.ViewDataDictionary..ctor(ViewDataDictionary dictionary)
   在 System.Web.Mvc.WebViewPage`1.SetViewData(ViewDataDictionary viewData)
   在 System.Web.Mvc.RazorView.RenderView(ViewContext viewContext, TextWriter writer, Object instance)
   在 System.Web.Mvc.ViewResultBase.ExecuteResult(ControllerContext context)
   在 System.Web.Mvc.ControllerActionInvoker.<>c__DisplayClass1a.<InvokeActionResultWithFilters>b__17()
   在 System.Web.Mvc.ControllerActionInvoker.InvokeActionResultFilter(IResultFilter filter, ResultExecutingContext preContext, Func`1 continuation)
   在 System.Web.Mvc.Async.AsyncControllerActionInvoker.<>c__DisplayClass25.<BeginInvokeAction>b__22(IAsyncResult asyncResult)    ###    【访问来源】:http://192.168.3.95:8125/Film/Index   ###    【访问IP】:192.168.3.95  --------2016/8/8 10:49:49 ##
******************************
日志时间：2016/8/8 10:50:38
日志级别：Error
日志内容：--【访问地址】:http://192.168.3.95:8125/Film/Building *注：*在执行 controller[Film] 的 action[Building] 时产生异常:【“object”未包含“bname”的定义】，详情:   在 CallSite.Target(Closure , CallSite , Object )
   在 System.Dynamic.UpdateDelegates.UpdateAndExecute1[T0,TRet](CallSite site, T0 arg0)
   在 ASP._Page_Views_Film_Building_cshtml.Execute() 位置 e:\companyProject\极光邻信App2.0\code\JiGuangLinXin.App2.1\JiGuangLinXin.App2.0\JiGuangLinXin.App.AdminCenter\Views\Film\Building.cshtml:行号 49
   在 System.Web.WebPages.WebPageBase.ExecutePageHierarchy()
   在 System.Web.Mvc.WebViewPage.ExecutePageHierarchy()
   在 System.Web.WebPages.StartPage.ExecutePageHierarchy()
   在 System.Web.WebPages.WebPageBase.ExecutePageHierarchy(WebPageContext pageContext, TextWriter writer, WebPageRenderingBase startPage)
   在 System.Web.Mvc.ViewResultBase.ExecuteResult(ControllerContext context)
   在 System.Web.Mvc.ControllerActionInvoker.<>c__DisplayClass1a.<InvokeActionResultWithFilters>b__17()
   在 System.Web.Mvc.ControllerActionInvoker.InvokeActionResultFilter(IResultFilter filter, ResultExecutingContext preContext, Func`1 continuation)
   在 System.Web.Mvc.Async.AsyncControllerActionInvoker.<>c__DisplayClass25.<BeginInvokeAction>b__22(IAsyncResult asyncResult)    ###    【访问来源】:http://192.168.3.95:8125/Film/Index   ###    【访问IP】:192.168.3.95  --------2016/8/8 10:50:38 ##
******************************
日志时间：2016/8/8 10:52:53
日志级别：Error
日志内容：--【访问地址】:http://192.168.3.95:8125/Film/Building *注：*在执行 controller[Film] 的 action[Building] 时产生异常:【“object”未包含“bname”的定义】，详情:   在 CallSite.Target(Closure , CallSite , Object )
   在 ASP._Page_Views_Film_Building_cshtml.Execute() 位置 e:\companyProject\极光邻信App2.0\code\JiGuangLinXin.App2.1\JiGuangLinXin.App2.0\JiGuangLinXin.App.AdminCenter\Views\Film\Building.cshtml:行号 49
   在 System.Web.WebPages.WebPageBase.ExecutePageHierarchy()
   在 System.Web.Mvc.WebViewPage.ExecutePageHierarchy()
   在 System.Web.WebPages.StartPage.ExecutePageHierarchy()
   在 System.Web.WebPages.WebPageBase.ExecutePageHierarchy(WebPageContext pageContext, TextWriter writer, WebPageRenderingBase startPage)
   在 System.Web.Mvc.ViewResultBase.ExecuteResult(ControllerContext context)
   在 System.Web.Mvc.ControllerActionInvoker.<>c__DisplayClass1a.<InvokeActionResultWithFilters>b__17()
   在 System.Web.Mvc.ControllerActionInvoker.InvokeActionResultFilter(IResultFilter filter, ResultExecutingContext preContext, Func`1 continuation)
   在 System.Web.Mvc.Async.AsyncControllerActionInvoker.<>c__DisplayClass25.<BeginInvokeAction>b__22(IAsyncResult asyncResult)    ###    【访问来源】:   ###    【访问IP】:192.168.3.95  --------2016/8/8 10:52:53 ##
******************************
日志时间：2016/8/8 10:58:16
日志级别：Error
日志内容：--【访问地址】:http://192.168.3.95:8125/Film/building *注：*在执行 controller[Film] 的 action[building] 时产生异常:【e:\companyProject\极光邻信App2.0\code\JiGuangLinXin.App2.1\JiGuangLinXin.App2.0\JiGuangLinXin.App.AdminCenter\Views\Film\Building.cshtml(65): error CS1973: “System.Web.Mvc.HtmlHelper<dynamic>”没有名为“Pager”的适用方法，但似乎有一个具有该名称的扩展方法。扩展方法不能进行动态调度。请考虑强制转换动态参数，或调用该扩展方法但不使用扩展方法语法。】，详情:   在 System.Web.Compilation.AssemblyBuilder.Compile()
   在 System.Web.Compilation.BuildProvidersCompiler.PerformBuild()
   在 System.Web.Compilation.BuildManager.CompileWebFile(VirtualPath virtualPath)
   在 System.Web.Compilation.BuildManager.GetVPathBuildResultInternal(VirtualPath virtualPath, Boolean noBuild, Boolean allowCrossApp, Boolean allowBuildInPrecompile, Boolean throwIfNotFound, Boolean ensureIsUpToDate)
   在 System.Web.Compilation.BuildManager.GetVPathBuildResultWithNoAssert(HttpContext context, VirtualPath virtualPath, Boolean noBuild, Boolean allowCrossApp, Boolean allowBuildInPrecompile, Boolean throwIfNotFound, Boolean ensureIsUpToDate)
   在 System.Web.Compilation.BuildManager.GetVirtualPathObjectFactory(VirtualPath virtualPath, HttpContext context, Boolean allowCrossApp, Boolean throwIfNotFound)
   在 System.Web.Mvc.BuildManagerWrapper.System.Web.Mvc.IBuildManager.FileExists(String virtualPath)
   在 Microsoft.Web.Mvc.ViewEngineFixWorker`1.<>c__DisplayClass4.<GetPathFromGeneralName>b__0(String path)
   在 System.Web.WebPages.DefaultDisplayMode.GetDisplayInfo(HttpContextBase httpContext, String virtualPath, Func`2 virtualPathExists)
   在 System.Linq.Enumerable.WhereSelectListIterator`2.MoveNext()
   在 System.Linq.Enumerable.FirstOrDefault[TSource](IEnumerable`1 source, Func`2 predicate)
   在 Microsoft.Web.Mvc.ViewEngineFixWorker`1.GetPathFromGeneralName(ControllerContext controllerContext, List`1 locations, String name, String controllerName, String areaName, String cacheKey, String[]& searchedLocations)
   在 Microsoft.Web.Mvc.ViewEngineFixWorker`1.GetPath(ControllerContext controllerContext, String[] locations, String[] areaLocations, String locationsPropertyName, String name, String controllerName, String cacheKeyPrefix, Boolean useCache, String[]& searchedLocations)
   在 Microsoft.Web.Mvc.ViewEngineFixWorker`1.FindView(ControllerContext controllerContext, String viewName, String masterName, Boolean useCache)
   在 System.Web.Mvc.ViewEngineCollection.<>c__DisplayClassc.<FindView>b__b(IViewEngine e)
   在 System.Web.Mvc.ViewEngineCollection.Find(Func`2 lookup, Boolean trackSearchedPaths)
   在 System.Web.Mvc.ViewEngineCollection.FindView(ControllerContext controllerContext, String viewName, String masterName)
   在 System.Web.Mvc.ViewResult.FindView(ControllerContext context)
   在 System.Web.Mvc.ViewResultBase.ExecuteResult(ControllerContext context)
   在 System.Web.Mvc.ControllerActionInvoker.<>c__DisplayClass1a.<InvokeActionResultWithFilters>b__17()
   在 System.Web.Mvc.ControllerActionInvoker.InvokeActionResultFilter(IResultFilter filter, ResultExecutingContext preContext, Func`1 continuation)
   在 System.Web.Mvc.Async.AsyncControllerActionInvoker.<>c__DisplayClass25.<BeginInvokeAction>b__22(IAsyncResult asyncResult)    ###    【访问来源】:   ###    【访问IP】:192.168.3.95  --------2016/8/8 10:58:16 ##
******************************
日志时间：2016/8/8 10:59:01
日志级别：Error
日志内容：--【访问地址】:http://192.168.3.95:8125/Film/Building *注：*在执行 controller[Film] 的 action[Building] 时产生异常:【无法将类型“object”隐式转换为“Webdiyer.WebControls.Mvc.PagedList<object>”。存在一个显式转换(是否缺少强制转换?)】，详情:   在 CallSite.Target(Closure , CallSite , Object )
   在 System.Dynamic.UpdateDelegates.UpdateAndExecute1[T0,TRet](CallSite site, T0 arg0)
   在 ASP._Page_Views_Film_Building_cshtml.Execute() 位置 e:\companyProject\极光邻信App2.0\code\JiGuangLinXin.App2.1\JiGuangLinXin.App2.0\JiGuangLinXin.App.AdminCenter\Views\Film\Building.cshtml:行号 5
   在 System.Web.WebPages.WebPageBase.ExecutePageHierarchy()
   在 System.Web.Mvc.WebViewPage.ExecutePageHierarchy()
   在 System.Web.WebPages.StartPage.ExecutePageHierarchy()
   在 System.Web.WebPages.WebPageBase.ExecutePageHierarchy(WebPageContext pageContext, TextWriter writer, WebPageRenderingBase startPage)
   在 System.Web.Mvc.ViewResultBase.ExecuteResult(ControllerContext context)
   在 System.Web.Mvc.ControllerActionInvoker.<>c__DisplayClass1a.<InvokeActionResultWithFilters>b__17()
   在 System.Web.Mvc.ControllerActionInvoker.InvokeActionResultFilter(IResultFilter filter, ResultExecutingContext preContext, Func`1 continuation)
   在 System.Web.Mvc.Async.AsyncControllerActionInvoker.<>c__DisplayClass25.<BeginInvokeAction>b__22(IAsyncResult asyncResult)    ###    【访问来源】:   ###    【访问IP】:192.168.3.95  --------2016/8/8 10:59:01 ##
******************************
日志时间：2016/8/8 10:59:37
日志级别：Error
日志内容：--【访问地址】:http://192.168.3.95:8125/Film/Building *注：*在执行 controller[Film] 的 action[Building] 时产生异常:【未将对象引用设置到对象的实例。】，详情:   在 ASP._Page_Views_Film_Building_cshtml.Execute() 位置 e:\companyProject\极光邻信App2.0\code\JiGuangLinXin.App2.1\JiGuangLinXin.App2.0\JiGuangLinXin.App.AdminCenter\Views\Film\Building.cshtml:行号 47
   在 System.Web.WebPages.WebPageBase.ExecutePageHierarchy()
   在 System.Web.Mvc.WebViewPage.ExecutePageHierarchy()
   在 System.Web.WebPages.StartPage.ExecutePageHierarchy()
   在 System.Web.WebPages.WebPageBase.ExecutePageHierarchy(WebPageContext pageContext, TextWriter writer, WebPageRenderingBase startPage)
   在 System.Web.Mvc.ViewResultBase.ExecuteResult(ControllerContext context)
   在 System.Web.Mvc.ControllerActionInvoker.<>c__DisplayClass1a.<InvokeActionResultWithFilters>b__17()
   在 System.Web.Mvc.ControllerActionInvoker.InvokeActionResultFilter(IResultFilter filter, ResultExecutingContext preContext, Func`1 continuation)
   在 System.Web.Mvc.Async.AsyncControllerActionInvoker.<>c__DisplayClass25.<BeginInvokeAction>b__22(IAsyncResult asyncResult)    ###    【访问来源】:   ###    【访问IP】:192.168.3.95  --------2016/8/8 10:59:37 ##
******************************
日志时间：2016/8/8 10:59:59
日志级别：Error
日志内容：--【访问地址】:http://192.168.3.95:8125/Film/Building *注：*在执行 controller[Film] 的 action[Building] 时产生异常:【未将对象引用设置到对象的实例。】，详情:   在 ASP._Page_Views_Film_Building_cshtml.Execute() 位置 e:\companyProject\极光邻信App2.0\code\JiGuangLinXin.App2.1\JiGuangLinXin.App2.0\JiGuangLinXin.App.AdminCenter\Views\Film\Building.cshtml:行号 47
   在 System.Web.WebPages.WebPageBase.ExecutePageHierarchy()
   在 System.Web.Mvc.WebViewPage.ExecutePageHierarchy()
   在 System.Web.WebPages.StartPage.ExecutePageHierarchy()
   在 System.Web.WebPages.WebPageBase.ExecutePageHierarchy(WebPageContext pageContext, TextWriter writer, WebPageRenderingBase startPage)
   在 System.Web.Mvc.ViewResultBase.ExecuteResult(ControllerContext context)
   在 System.Web.Mvc.ControllerActionInvoker.<>c__DisplayClass1a.<InvokeActionResultWithFilters>b__17()
   在 System.Web.Mvc.ControllerActionInvoker.InvokeActionResultFilter(IResultFilter filter, ResultExecutingContext preContext, Func`1 continuation)
   在 System.Web.Mvc.Async.AsyncControllerActionInvoker.<>c__DisplayClass25.<BeginInvokeAction>b__22(IAsyncResult asyncResult)    ###    【访问来源】:   ###    【访问IP】:192.168.3.95  --------2016/8/8 10:59:59 ##
******************************
日志时间：2016/8/8 11:01:47
日志级别：Error
日志内容：--【访问地址】:http://192.168.3.95:8125/Film/building *注：*在执行 controller[Film] 的 action[building] 时产生异常:【未将对象引用设置到对象的实例。】，详情:   在 ASP._Page_Views_Film_Building_cshtml.Execute() 位置 e:\companyProject\极光邻信App2.0\code\JiGuangLinXin.App2.1\JiGuangLinXin.App2.0\JiGuangLinXin.App.AdminCenter\Views\Film\Building.cshtml:行号 47
   在 System.Web.WebPages.WebPageBase.ExecutePageHierarchy()
   在 System.Web.Mvc.WebViewPage.ExecutePageHierarchy()
   在 System.Web.WebPages.StartPage.ExecutePageHierarchy()
   在 System.Web.WebPages.WebPageBase.ExecutePageHierarchy(WebPageContext pageContext, TextWriter writer, WebPageRenderingBase startPage)
   在 System.Web.Mvc.ViewResultBase.ExecuteResult(ControllerContext context)
   在 System.Web.Mvc.ControllerActionInvoker.<>c__DisplayClass1a.<InvokeActionResultWithFilters>b__17()
   在 System.Web.Mvc.ControllerActionInvoker.InvokeActionResultFilter(IResultFilter filter, ResultExecutingContext preContext, Func`1 continuation)
   在 System.Web.Mvc.Async.AsyncControllerActionInvoker.<>c__DisplayClass25.<BeginInvokeAction>b__22(IAsyncResult asyncResult)    ###    【访问来源】:   ###    【访问IP】:192.168.3.95  --------2016/8/8 11:01:47 ##
******************************
日志时间：2016/8/8 11:09:33
日志级别：Error
日志内容：--【访问地址】:http://192.168.3.95:8125/Film/Building *注：*在执行 controller[Film] 的 action[Building] 时产生异常:【路径中具有非法字符。】，详情:   在 System.IO.Path.CheckInvalidPathChars(String path, Boolean checkAdditional)
   在 System.IO.Path.Combine(String path1, String path2)
   在 System.Web.Compilation.DiskBuildResultCache.GetPreservedDataFileName(String cacheKey)
   在 System.Web.Compilation.DiskBuildResultCache.GetBuildResult(String cacheKey, VirtualPath virtualPath, Int64 hashCode, Boolean ensureIsUpToDate)
   在 System.Web.Compilation.BuildManager.GetBuildResultFromCacheInternal(String cacheKey, Boolean keyFromVPP, VirtualPath virtualPath, Int64 hashCode, Boolean ensureIsUpToDate)
   在 System.Web.Compilation.BuildManager.GetVPathBuildResultFromCacheInternal(VirtualPath virtualPath, Boolean ensureIsUpToDate)
   在 System.Web.Compilation.BuildManager.GetVPathBuildResultInternal(VirtualPath virtualPath, Boolean noBuild, Boolean allowCrossApp, Boolean allowBuildInPrecompile, Boolean throwIfNotFound, Boolean ensureIsUpToDate)
   在 System.Web.Compilation.BuildManager.GetVPathBuildResultWithNoAssert(HttpContext context, VirtualPath virtualPath, Boolean noBuild, Boolean allowCrossApp, Boolean allowBuildInPrecompile, Boolean throwIfNotFound, Boolean ensureIsUpToDate)
   在 System.Web.Compilation.BuildManager.GetVirtualPathObjectFactory(VirtualPath virtualPath, HttpContext context, Boolean allowCrossApp, Boolean throwIfNotFound)
   在 System.Web.Mvc.BuildManagerWrapper.System.Web.Mvc.IBuildManager.FileExists(String virtualPath)
   在 Microsoft.Web.Mvc.ViewEngineFixWorker`1.<>c__DisplayClass4.<GetPathFromGeneralName>b__0(String path)
   在 System.Web.WebPages.DefaultDisplayMode.GetDisplayInfo(HttpContextBase httpContext, String virtualPath, Func`2 virtualPathExists)
   在 System.Linq.Enumerable.WhereSelectListIterator`2.MoveNext()
   在 System.Linq.Enumerable.FirstOrDefault[TSource](IEnumerable`1 source, Func`2 predicate)
   在 Microsoft.Web.Mvc.ViewEngineFixWorker`1.GetPathFromGeneralName(ControllerContext controllerContext, List`1 locations, String name, String controllerName, String areaName, String cacheKey, String[]& searchedLocations)
   在 Microsoft.Web.Mvc.ViewEngineFixWorker`1.GetPath(ControllerContext controllerContext, String[] locations, String[] areaLocations, String locationsPropertyName, String name, String controllerName, String cacheKeyPrefix, Boolean useCache, String[]& searchedLocations)
   在 Microsoft.Web.Mvc.ViewEngineFixWorker`1.FindView(ControllerContext controllerContext, String viewName, String masterName, Boolean useCache)
   在 System.Web.Mvc.ViewEngineCollection.<>c__DisplayClassc.<FindView>b__b(IViewEngine e)
   在 System.Web.Mvc.ViewEngineCollection.Find(Func`2 lookup, Boolean trackSearchedPaths)
   在 System.Web.Mvc.ViewEngineCollection.FindView(ControllerContext controllerContext, String viewName, String masterName)
   在 System.Web.Mvc.ViewResult.FindView(ControllerContext context)
   在 System.Web.Mvc.ViewResultBase.ExecuteResult(ControllerContext context)
   在 System.Web.Mvc.ControllerActionInvoker.<>c__DisplayClass1a.<InvokeActionResultWithFilters>b__17()
   在 System.Web.Mvc.ControllerActionInvoker.InvokeActionResultFilter(IResultFilter filter, ResultExecutingContext preContext, Func`1 continuation)
   在 System.Web.Mvc.Async.AsyncControllerActionInvoker.<>c__DisplayClass25.<BeginInvokeAction>b__22(IAsyncResult asyncResult)    ###    【访问来源】:   ###    【访问IP】:192.168.3.95  --------2016/8/8 11:09:33 ##
******************************
日志时间：2016/8/8 11:09:33
日志级别：Error
日志内容：--【访问地址】:http://192.168.3.95:8125/Film/Building *注：*在执行 controller[Film] 的 action[Building] 时产生异常:【路径中具有非法字符。】，详情:   在 System.IO.Path.CheckInvalidPathChars(String path, Boolean checkAdditional)
   在 System.IO.Path.Combine(String path1, String path2)
   在 System.Web.Compilation.DiskBuildResultCache.GetPreservedDataFileName(String cacheKey)
   在 System.Web.Compilation.DiskBuildResultCache.GetBuildResult(String cacheKey, VirtualPath virtualPath, Int64 hashCode, Boolean ensureIsUpToDate)
   在 System.Web.Compilation.BuildManager.GetBuildResultFromCacheInternal(String cacheKey, Boolean keyFromVPP, VirtualPath virtualPath, Int64 hashCode, Boolean ensureIsUpToDate)
   在 System.Web.Compilation.BuildManager.GetVPathBuildResultFromCacheInternal(VirtualPath virtualPath, Boolean ensureIsUpToDate)
   在 System.Web.Compilation.BuildManager.GetVPathBuildResultInternal(VirtualPath virtualPath, Boolean noBuild, Boolean allowCrossApp, Boolean allowBuildInPrecompile, Boolean throwIfNotFound, Boolean ensureIsUpToDate)
   在 System.Web.Compilation.BuildManager.GetVPathBuildResultWithNoAssert(HttpContext context, VirtualPath virtualPath, Boolean noBuild, Boolean allowCrossApp, Boolean allowBuildInPrecompile, Boolean throwIfNotFound, Boolean ensureIsUpToDate)
   在 System.Web.Compilation.BuildManager.GetVirtualPathObjectFactory(VirtualPath virtualPath, HttpContext context, Boolean allowCrossApp, Boolean throwIfNotFound)
   在 System.Web.Mvc.BuildManagerWrapper.System.Web.Mvc.IBuildManager.FileExists(String virtualPath)
   在 Microsoft.Web.Mvc.ViewEngineFixWorker`1.<>c__DisplayClass4.<GetPathFromGeneralName>b__0(String path)
   在 System.Web.WebPages.DefaultDisplayMode.GetDisplayInfo(HttpContextBase httpContext, String virtualPath, Func`2 virtualPathExists)
   在 System.Linq.Enumerable.WhereSelectListIterator`2.MoveNext()
   在 System.Linq.Enumerable.FirstOrDefault[TSource](IEnumerable`1 source, Func`2 predicate)
   在 Microsoft.Web.Mvc.ViewEngineFixWorker`1.GetPathFromGeneralName(ControllerContext controllerContext, List`1 locations, String name, String controllerName, String areaName, String cacheKey, String[]& searchedLocations)
   在 Microsoft.Web.Mvc.ViewEngineFixWorker`1.GetPath(ControllerContext controllerContext, String[] locations, String[] areaLocations, String locationsPropertyName, String name, String controllerName, String cacheKeyPrefix, Boolean useCache, String[]& searchedLocations)
   在 Microsoft.Web.Mvc.ViewEngineFixWorker`1.FindView(ControllerContext controllerContext, String viewName, String masterName, Boolean useCache)
   在 System.Web.Mvc.ViewEngineCollection.<>c__DisplayClassc.<FindView>b__b(IViewEngine e)
   在 System.Web.Mvc.ViewEngineCollection.Find(Func`2 lookup, Boolean trackSearchedPaths)
   在 System.Web.Mvc.ViewEngineCollection.FindView(ControllerContext controllerContext, String viewName, String masterName)
   在 System.Web.Mvc.ViewResult.FindView(ControllerContext context)
   在 System.Web.Mvc.ViewResultBase.ExecuteResult(ControllerContext context)
   在 System.Web.Mvc.ControllerActionInvoker.<>c__DisplayClass1a.<InvokeActionResultWithFilters>b__17()
   在 System.Web.Mvc.ControllerActionInvoker.InvokeActionResultFilter(IResultFilter filter, ResultExecutingContext preContext, Func`1 continuation)
   在 System.Web.Mvc.Async.AsyncControllerActionInvoker.<>c__DisplayClass25.<BeginInvokeAction>b__22(IAsyncResult asyncResult)    ###    【访问来源】:   ###    【访问IP】:192.168.3.95  --------2016/8/8 11:09:33 ##
******************************
日志时间：2016/8/8 11:09:57
日志级别：Error
日志内容：--【访问地址】:http://192.168.3.95:8125/Film/Building *注：*在执行 controller[Film] 的 action[Building] 时产生异常:【路径中具有非法字符。】，详情:   在 System.IO.Path.CheckInvalidPathChars(String path, Boolean checkAdditional)
   在 System.IO.Path.Combine(String path1, String path2)
   在 System.Web.Compilation.DiskBuildResultCache.GetPreservedDataFileName(String cacheKey)
   在 System.Web.Compilation.DiskBuildResultCache.GetBuildResult(String cacheKey, VirtualPath virtualPath, Int64 hashCode, Boolean ensureIsUpToDate)
   在 System.Web.Compilation.BuildManager.GetBuildResultFromCacheInternal(String cacheKey, Boolean keyFromVPP, VirtualPath virtualPath, Int64 hashCode, Boolean ensureIsUpToDate)
   在 System.Web.Compilation.BuildManager.GetVPathBuildResultFromCacheInternal(VirtualPath virtualPath, Boolean ensureIsUpToDate)
   在 System.Web.Compilation.BuildManager.GetVPathBuildResultInternal(VirtualPath virtualPath, Boolean noBuild, Boolean allowCrossApp, Boolean allowBuildInPrecompile, Boolean throwIfNotFound, Boolean ensureIsUpToDate)
   在 System.Web.Compilation.BuildManager.GetVPathBuildResultWithNoAssert(HttpContext context, VirtualPath virtualPath, Boolean noBuild, Boolean allowCrossApp, Boolean allowBuildInPrecompile, Boolean throwIfNotFound, Boolean ensureIsUpToDate)
   在 System.Web.Compilation.BuildManager.GetVirtualPathObjectFactory(VirtualPath virtualPath, HttpContext context, Boolean allowCrossApp, Boolean throwIfNotFound)
   在 System.Web.Mvc.BuildManagerWrapper.System.Web.Mvc.IBuildManager.FileExists(String virtualPath)
   在 Microsoft.Web.Mvc.ViewEngineFixWorker`1.<>c__DisplayClass4.<GetPathFromGeneralName>b__0(String path)
   在 System.Web.WebPages.DefaultDisplayMode.GetDisplayInfo(HttpContextBase httpContext, String virtualPath, Func`2 virtualPathExists)
   在 System.Linq.Enumerable.WhereSelectListIterator`2.MoveNext()
   在 System.Linq.Enumerable.FirstOrDefault[TSource](IEnumerable`1 source, Func`2 predicate)
   在 Microsoft.Web.Mvc.ViewEngineFixWorker`1.GetPathFromGeneralName(ControllerContext controllerContext, List`1 locations, String name, String controllerName, String areaName, String cacheKey, String[]& searchedLocations)
   在 Microsoft.Web.Mvc.ViewEngineFixWorker`1.GetPath(ControllerContext controllerContext, String[] locations, String[] areaLocations, String locationsPropertyName, String name, String controllerName, String cacheKeyPrefix, Boolean useCache, String[]& searchedLocations)
   在 Microsoft.Web.Mvc.ViewEngineFixWorker`1.FindView(ControllerContext controllerContext, String viewName, String masterName, Boolean useCache)
   在 System.Web.Mvc.ViewEngineCollection.<>c__DisplayClassc.<FindView>b__b(IViewEngine e)
   在 System.Web.Mvc.ViewEngineCollection.Find(Func`2 lookup, Boolean trackSearchedPaths)
   在 System.Web.Mvc.ViewEngineCollection.FindView(ControllerContext controllerContext, String viewName, String masterName)
   在 System.Web.Mvc.ViewResult.FindView(ControllerContext context)
   在 System.Web.Mvc.ViewResultBase.ExecuteResult(ControllerContext context)
   在 System.Web.Mvc.ControllerActionInvoker.<>c__DisplayClass1a.<InvokeActionResultWithFilters>b__17()
   在 System.Web.Mvc.ControllerActionInvoker.InvokeActionResultFilter(IResultFilter filter, ResultExecutingContext preContext, Func`1 continuation)
   在 System.Web.Mvc.Async.AsyncControllerActionInvoker.<>c__DisplayClass25.<BeginInvokeAction>b__22(IAsyncResult asyncResult)    ###    【访问来源】:   ###    【访问IP】:192.168.3.95  --------2016/8/8 11:09:57 ##
******************************
日志时间：2016/8/8 11:09:58
日志级别：Error
日志内容：--【访问地址】:http://192.168.3.95:8125/Film/Building *注：*在执行 controller[Film] 的 action[Building] 时产生异常:【路径中具有非法字符。】，详情:   在 System.IO.Path.CheckInvalidPathChars(String path, Boolean checkAdditional)
   在 System.IO.Path.Combine(String path1, String path2)
   在 System.Web.Compilation.DiskBuildResultCache.GetPreservedDataFileName(String cacheKey)
   在 System.Web.Compilation.DiskBuildResultCache.GetBuildResult(String cacheKey, VirtualPath virtualPath, Int64 hashCode, Boolean ensureIsUpToDate)
   在 System.Web.Compilation.BuildManager.GetBuildResultFromCacheInternal(String cacheKey, Boolean keyFromVPP, VirtualPath virtualPath, Int64 hashCode, Boolean ensureIsUpToDate)
   在 System.Web.Compilation.BuildManager.GetVPathBuildResultFromCacheInternal(VirtualPath virtualPath, Boolean ensureIsUpToDate)
   在 System.Web.Compilation.BuildManager.GetVPathBuildResultInternal(VirtualPath virtualPath, Boolean noBuild, Boolean allowCrossApp, Boolean allowBuildInPrecompile, Boolean throwIfNotFound, Boolean ensureIsUpToDate)
   在 System.Web.Compilation.BuildManager.GetVPathBuildResultWithNoAssert(HttpContext context, VirtualPath virtualPath, Boolean noBuild, Boolean allowCrossApp, Boolean allowBuildInPrecompile, Boolean throwIfNotFound, Boolean ensureIsUpToDate)
   在 System.Web.Compilation.BuildManager.GetVirtualPathObjectFactory(VirtualPath virtualPath, HttpContext context, Boolean allowCrossApp, Boolean throwIfNotFound)
   在 System.Web.Mvc.BuildManagerWrapper.System.Web.Mvc.IBuildManager.FileExists(String virtualPath)
   在 Microsoft.Web.Mvc.ViewEngineFixWorker`1.<>c__DisplayClass4.<GetPathFromGeneralName>b__0(String path)
   在 System.Web.WebPages.DefaultDisplayMode.GetDisplayInfo(HttpContextBase httpContext, String virtualPath, Func`2 virtualPathExists)
   在 System.Linq.Enumerable.WhereSelectListIterator`2.MoveNext()
   在 System.Linq.Enumerable.FirstOrDefault[TSource](IEnumerable`1 source, Func`2 predicate)
   在 Microsoft.Web.Mvc.ViewEngineFixWorker`1.GetPathFromGeneralName(ControllerContext controllerContext, List`1 locations, String name, String controllerName, String areaName, String cacheKey, String[]& searchedLocations)
   在 Microsoft.Web.Mvc.ViewEngineFixWorker`1.GetPath(ControllerContext controllerContext, String[] locations, String[] areaLocations, String locationsPropertyName, String name, String controllerName, String cacheKeyPrefix, Boolean useCache, String[]& searchedLocations)
   在 Microsoft.Web.Mvc.ViewEngineFixWorker`1.FindView(ControllerContext controllerContext, String viewName, String masterName, Boolean useCache)
   在 System.Web.Mvc.ViewEngineCollection.<>c__DisplayClassc.<FindView>b__b(IViewEngine e)
   在 System.Web.Mvc.ViewEngineCollection.Find(Func`2 lookup, Boolean trackSearchedPaths)
   在 System.Web.Mvc.ViewEngineCollection.FindView(ControllerContext controllerContext, String viewName, String masterName)
   在 System.Web.Mvc.ViewResult.FindView(ControllerContext context)
   在 System.Web.Mvc.ViewResultBase.ExecuteResult(ControllerContext context)
   在 System.Web.Mvc.ControllerActionInvoker.<>c__DisplayClass1a.<InvokeActionResultWithFilters>b__17()
   在 System.Web.Mvc.ControllerActionInvoker.InvokeActionResultFilter(IResultFilter filter, ResultExecutingContext preContext, Func`1 continuation)
   在 System.Web.Mvc.Async.AsyncControllerActionInvoker.<>c__DisplayClass25.<BeginInvokeAction>b__22(IAsyncResult asyncResult)    ###    【访问来源】:   ###    【访问IP】:192.168.3.95  --------2016/8/8 11:09:58 ##
******************************
日志时间：2016/8/8 11:10:25
日志级别：Error
日志内容：--【访问地址】:http://192.168.3.95:8125/Film/Building *注：*在执行 controller[Film] 的 action[Building] 时产生异常:【路径中具有非法字符。】，详情:   在 System.IO.Path.CheckInvalidPathChars(String path, Boolean checkAdditional)
   在 System.IO.Path.Combine(String path1, String path2)
   在 System.Web.Compilation.DiskBuildResultCache.GetPreservedDataFileName(String cacheKey)
   在 System.Web.Compilation.DiskBuildResultCache.GetBuildResult(String cacheKey, VirtualPath virtualPath, Int64 hashCode, Boolean ensureIsUpToDate)
   在 System.Web.Compilation.BuildManager.GetBuildResultFromCacheInternal(String cacheKey, Boolean keyFromVPP, VirtualPath virtualPath, Int64 hashCode, Boolean ensureIsUpToDate)
   在 System.Web.Compilation.BuildManager.GetVPathBuildResultFromCacheInternal(VirtualPath virtualPath, Boolean ensureIsUpToDate)
   在 System.Web.Compilation.BuildManager.GetVPathBuildResultInternal(VirtualPath virtualPath, Boolean noBuild, Boolean allowCrossApp, Boolean allowBuildInPrecompile, Boolean throwIfNotFound, Boolean ensureIsUpToDate)
   在 System.Web.Compilation.BuildManager.GetVPathBuildResultWithNoAssert(HttpContext context, VirtualPath virtualPath, Boolean noBuild, Boolean allowCrossApp, Boolean allowBuildInPrecompile, Boolean throwIfNotFound, Boolean ensureIsUpToDate)
   在 System.Web.Compilation.BuildManager.GetVirtualPathObjectFactory(VirtualPath virtualPath, HttpContext context, Boolean allowCrossApp, Boolean throwIfNotFound)
   在 System.Web.Mvc.BuildManagerWrapper.System.Web.Mvc.IBuildManager.FileExists(String virtualPath)
   在 Microsoft.Web.Mvc.ViewEngineFixWorker`1.<>c__DisplayClass4.<GetPathFromGeneralName>b__0(String path)
   在 System.Web.WebPages.DefaultDisplayMode.GetDisplayInfo(HttpContextBase httpContext, String virtualPath, Func`2 virtualPathExists)
   在 System.Linq.Enumerable.WhereSelectListIterator`2.MoveNext()
   在 System.Linq.Enumerable.FirstOrDefault[TSource](IEnumerable`1 source, Func`2 predicate)
   在 Microsoft.Web.Mvc.ViewEngineFixWorker`1.GetPathFromGeneralName(ControllerContext controllerContext, List`1 locations, String name, String controllerName, String areaName, String cacheKey, String[]& searchedLocations)
   在 Microsoft.Web.Mvc.ViewEngineFixWorker`1.GetPath(ControllerContext controllerContext, String[] locations, String[] areaLocations, String locationsPropertyName, String name, String controllerName, String cacheKeyPrefix, Boolean useCache, String[]& searchedLocations)
   在 Microsoft.Web.Mvc.ViewEngineFixWorker`1.FindView(ControllerContext controllerContext, String viewName, String masterName, Boolean useCache)
   在 System.Web.Mvc.ViewEngineCollection.<>c__DisplayClassc.<FindView>b__b(IViewEngine e)
   在 System.Web.Mvc.ViewEngineCollection.Find(Func`2 lookup, Boolean trackSearchedPaths)
   在 System.Web.Mvc.ViewEngineCollection.FindView(ControllerContext controllerContext, String viewName, String masterName)
   在 System.Web.Mvc.ViewResult.FindView(ControllerContext context)
   在 System.Web.Mvc.ViewResultBase.ExecuteResult(ControllerContext context)
   在 System.Web.Mvc.ControllerActionInvoker.<>c__DisplayClass1a.<InvokeActionResultWithFilters>b__17()
   在 System.Web.Mvc.ControllerActionInvoker.InvokeActionResultFilter(IResultFilter filter, ResultExecutingContext preContext, Func`1 continuation)
   在 System.Web.Mvc.Async.AsyncControllerActionInvoker.<>c__DisplayClass25.<BeginInvokeAction>b__22(IAsyncResult asyncResult)    ###    【访问来源】:   ###    【访问IP】:192.168.3.95  --------2016/8/8 11:10:25 ##
******************************
日志时间：2016/8/8 11:12:22
日志级别：Error
日志内容：--【访问地址】:http://192.168.3.95:8125/Film/Building *注：*在执行 controller[Film] 的 action[Building] 时产生异常:【路径中具有非法字符。】，详情:   在 System.IO.Path.CheckInvalidPathChars(String path, Boolean checkAdditional)
   在 System.IO.Path.Combine(String path1, String path2)
   在 System.Web.Compilation.DiskBuildResultCache.GetPreservedDataFileName(String cacheKey)
   在 System.Web.Compilation.DiskBuildResultCache.GetBuildResult(String cacheKey, VirtualPath virtualPath, Int64 hashCode, Boolean ensureIsUpToDate)
   在 System.Web.Compilation.BuildManager.GetBuildResultFromCacheInternal(String cacheKey, Boolean keyFromVPP, VirtualPath virtualPath, Int64 hashCode, Boolean ensureIsUpToDate)
   在 System.Web.Compilation.BuildManager.GetVPathBuildResultFromCacheInternal(VirtualPath virtualPath, Boolean ensureIsUpToDate)
   在 System.Web.Compilation.BuildManager.GetVPathBuildResultInternal(VirtualPath virtualPath, Boolean noBuild, Boolean allowCrossApp, Boolean allowBuildInPrecompile, Boolean throwIfNotFound, Boolean ensureIsUpToDate)
   在 System.Web.Compilation.BuildManager.GetVPathBuildResultWithNoAssert(HttpContext context, VirtualPath virtualPath, Boolean noBuild, Boolean allowCrossApp, Boolean allowBuildInPrecompile, Boolean throwIfNotFound, Boolean ensureIsUpToDate)
   在 System.Web.Compilation.BuildManager.GetVirtualPathObjectFactory(VirtualPath virtualPath, HttpContext context, Boolean allowCrossApp, Boolean throwIfNotFound)
   在 System.Web.Mvc.BuildManagerWrapper.System.Web.Mvc.IBuildManager.FileExists(String virtualPath)
   在 Microsoft.Web.Mvc.ViewEngineFixWorker`1.<>c__DisplayClass4.<GetPathFromGeneralName>b__0(String path)
   在 System.Web.WebPages.DefaultDisplayMode.GetDisplayInfo(HttpContextBase httpContext, String virtualPath, Func`2 virtualPathExists)
   在 System.Linq.Enumerable.WhereSelectListIterator`2.MoveNext()
   在 System.Linq.Enumerable.FirstOrDefault[TSource](IEnumerable`1 source, Func`2 predicate)
   在 Microsoft.Web.Mvc.ViewEngineFixWorker`1.GetPathFromGeneralName(ControllerContext controllerContext, List`1 locations, String name, String controllerName, String areaName, String cacheKey, String[]& searchedLocations)
   在 Microsoft.Web.Mvc.ViewEngineFixWorker`1.GetPath(ControllerContext controllerContext, String[] locations, String[] areaLocations, String locationsPropertyName, String name, String controllerName, String cacheKeyPrefix, Boolean useCache, String[]& searchedLocations)
   在 Microsoft.Web.Mvc.ViewEngineFixWorker`1.FindView(ControllerContext controllerContext, String viewName, String masterName, Boolean useCache)
   在 System.Web.Mvc.ViewEngineCollection.<>c__DisplayClassc.<FindView>b__b(IViewEngine e)
   在 System.Web.Mvc.ViewEngineCollection.Find(Func`2 lookup, Boolean trackSearchedPaths)
   在 System.Web.Mvc.ViewEngineCollection.FindView(ControllerContext controllerContext, String viewName, String masterName)
   在 System.Web.Mvc.ViewResult.FindView(ControllerContext context)
   在 System.Web.Mvc.ViewResultBase.ExecuteResult(ControllerContext context)
   在 System.Web.Mvc.ControllerActionInvoker.<>c__DisplayClass1a.<InvokeActionResultWithFilters>b__17()
   在 System.Web.Mvc.ControllerActionInvoker.InvokeActionResultFilter(IResultFilter filter, ResultExecutingContext preContext, Func`1 continuation)
   在 System.Web.Mvc.Async.AsyncControllerActionInvoker.<>c__DisplayClass25.<BeginInvokeAction>b__22(IAsyncResult asyncResult)    ###    【访问来源】:   ###    【访问IP】:192.168.3.95  --------2016/8/8 11:12:22 ##
******************************
日志时间：2016/8/8 11:14:39
日志级别：Error
日志内容：--【访问地址】:http://192.168.3.95:8125/Film/Building *注：*在执行 controller[Film] 的 action[Building] 时产生异常:【“object”未包含“bname”的定义】，详情:   在 CallSite.Target(Closure , CallSite , Object )
   在 System.Dynamic.UpdateDelegates.UpdateAndExecute1[T0,TRet](CallSite site, T0 arg0)
   在 ASP._Page_Views_Film_Building_cshtml.Execute() 位置 e:\companyProject\极光邻信App2.0\code\JiGuangLinXin.App2.1\JiGuangLinXin.App2.0\JiGuangLinXin.App.AdminCenter\Views\Film\Building.cshtml:行号 51
   在 System.Web.WebPages.WebPageBase.ExecutePageHierarchy()
   在 System.Web.Mvc.WebViewPage.ExecutePageHierarchy()
   在 System.Web.WebPages.StartPage.ExecutePageHierarchy()
   在 System.Web.WebPages.WebPageBase.ExecutePageHierarchy(WebPageContext pageContext, TextWriter writer, WebPageRenderingBase startPage)
   在 System.Web.Mvc.ViewResultBase.ExecuteResult(ControllerContext context)
   在 System.Web.Mvc.ControllerActionInvoker.<>c__DisplayClass1a.<InvokeActionResultWithFilters>b__17()
   在 System.Web.Mvc.ControllerActionInvoker.InvokeActionResultFilter(IResultFilter filter, ResultExecutingContext preContext, Func`1 continuation)
   在 System.Web.Mvc.Async.AsyncControllerActionInvoker.<>c__DisplayClass25.<BeginInvokeAction>b__22(IAsyncResult asyncResult)    ###    【访问来源】:   ###    【访问IP】:192.168.3.95  --------2016/8/8 11:14:39 ##
******************************
日志时间：2016/8/8 11:14:39
日志级别：Error
日志内容：--【访问地址】:http://192.168.3.95:8125/Film/Building *注：*在执行 controller[Film] 的 action[Building] 时产生异常:【“object”未包含“bname”的定义】，详情:   在 CallSite.Target(Closure , CallSite , Object )
   在 System.Dynamic.UpdateDelegates.UpdateAndExecute1[T0,TRet](CallSite site, T0 arg0)
   在 ASP._Page_Views_Film_Building_cshtml.Execute() 位置 e:\companyProject\极光邻信App2.0\code\JiGuangLinXin.App2.1\JiGuangLinXin.App2.0\JiGuangLinXin.App.AdminCenter\Views\Film\Building.cshtml:行号 51
   在 System.Web.WebPages.WebPageBase.ExecutePageHierarchy()
   在 System.Web.Mvc.WebViewPage.ExecutePageHierarchy()
   在 System.Web.WebPages.StartPage.ExecutePageHierarchy()
   在 System.Web.WebPages.WebPageBase.ExecutePageHierarchy(WebPageContext pageContext, TextWriter writer, WebPageRenderingBase startPage)
   在 System.Web.Mvc.ViewResultBase.ExecuteResult(ControllerContext context)
   在 System.Web.Mvc.ControllerActionInvoker.<>c__DisplayClass1a.<InvokeActionResultWithFilters>b__17()
   在 System.Web.Mvc.ControllerActionInvoker.InvokeActionResultFilter(IResultFilter filter, ResultExecutingContext preContext, Func`1 continuation)
   在 System.Web.Mvc.Async.AsyncControllerActionInvoker.<>c__DisplayClass25.<BeginInvokeAction>b__22(IAsyncResult asyncResult)    ###    【访问来源】:   ###    【访问IP】:192.168.3.95  --------2016/8/8 11:14:39 ##
******************************
日志时间：2016/8/8 11:17:56
日志级别：Error
日志内容：--【访问地址】:http://192.168.3.95:8125/Film/Building *注：*在执行 controller[Film] 的 action[Building] 时产生异常:【“object”未包含“bname”的定义】，详情:   在 CallSite.Target(Closure , CallSite , Object )
   在 System.Dynamic.UpdateDelegates.UpdateAndExecute1[T0,TRet](CallSite site, T0 arg0)
   在 ASP._Page_Views_Film_Building_cshtml.Execute() 位置 e:\companyProject\极光邻信App2.0\code\JiGuangLinXin.App2.1\JiGuangLinXin.App2.0\JiGuangLinXin.App.AdminCenter\Views\Film\Building.cshtml:行号 51
   在 System.Web.WebPages.WebPageBase.ExecutePageHierarchy()
   在 System.Web.Mvc.WebViewPage.ExecutePageHierarchy()
   在 System.Web.WebPages.StartPage.ExecutePageHierarchy()
   在 System.Web.WebPages.WebPageBase.ExecutePageHierarchy(WebPageContext pageContext, TextWriter writer, WebPageRenderingBase startPage)
   在 System.Web.Mvc.ViewResultBase.ExecuteResult(ControllerContext context)
   在 System.Web.Mvc.ControllerActionInvoker.<>c__DisplayClass1a.<InvokeActionResultWithFilters>b__17()
   在 System.Web.Mvc.ControllerActionInvoker.InvokeActionResultFilter(IResultFilter filter, ResultExecutingContext preContext, Func`1 continuation)
   在 System.Web.Mvc.Async.AsyncControllerActionInvoker.<>c__DisplayClass25.<BeginInvokeAction>b__22(IAsyncResult asyncResult)    ###    【访问来源】:   ###    【访问IP】:192.168.3.95  --------2016/8/8 11:17:56 ##
******************************
日志时间：2016/8/8 11:17:56
日志级别：Error
日志内容：--【访问地址】:http://192.168.3.95:8125/Film/Building *注：*在执行 controller[Film] 的 action[Building] 时产生异常:【“object”未包含“bname”的定义】，详情:   在 CallSite.Target(Closure , CallSite , Object )
   在 System.Dynamic.UpdateDelegates.UpdateAndExecute1[T0,TRet](CallSite site, T0 arg0)
   在 ASP._Page_Views_Film_Building_cshtml.Execute() 位置 e:\companyProject\极光邻信App2.0\code\JiGuangLinXin.App2.1\JiGuangLinXin.App2.0\JiGuangLinXin.App.AdminCenter\Views\Film\Building.cshtml:行号 51
   在 System.Web.WebPages.WebPageBase.ExecutePageHierarchy()
   在 System.Web.Mvc.WebViewPage.ExecutePageHierarchy()
   在 System.Web.WebPages.StartPage.ExecutePageHierarchy()
   在 System.Web.WebPages.WebPageBase.ExecutePageHierarchy(WebPageContext pageContext, TextWriter writer, WebPageRenderingBase startPage)
   在 System.Web.Mvc.ViewResultBase.ExecuteResult(ControllerContext context)
   在 System.Web.Mvc.ControllerActionInvoker.<>c__DisplayClass1a.<InvokeActionResultWithFilters>b__17()
   在 System.Web.Mvc.ControllerActionInvoker.InvokeActionResultFilter(IResultFilter filter, ResultExecutingContext preContext, Func`1 continuation)
   在 System.Web.Mvc.Async.AsyncControllerActionInvoker.<>c__DisplayClass25.<BeginInvokeAction>b__22(IAsyncResult asyncResult)    ###    【访问来源】:   ###    【访问IP】:192.168.3.95  --------2016/8/8 11:17:56 ##
******************************
日志时间：2016/8/8 11:18:23
日志级别：Error
日志内容：--【访问地址】:http://192.168.3.95:8125/Film/Building *注：*在执行 controller[Film] 的 action[Building] 时产生异常:【“object”未包含“bname”的定义】，详情:   在 CallSite.Target(Closure , CallSite , Object )
   在 ASP._Page_Views_Film_Building_cshtml.Execute() 位置 e:\companyProject\极光邻信App2.0\code\JiGuangLinXin.App2.1\JiGuangLinXin.App2.0\JiGuangLinXin.App.AdminCenter\Views\Film\Building.cshtml:行号 51
   在 System.Web.WebPages.WebPageBase.ExecutePageHierarchy()
   在 System.Web.Mvc.WebViewPage.ExecutePageHierarchy()
   在 System.Web.WebPages.StartPage.ExecutePageHierarchy()
   在 System.Web.WebPages.WebPageBase.ExecutePageHierarchy(WebPageContext pageContext, TextWriter writer, WebPageRenderingBase startPage)
   在 System.Web.Mvc.ViewResultBase.ExecuteResult(ControllerContext context)
   在 System.Web.Mvc.ControllerActionInvoker.<>c__DisplayClass1a.<InvokeActionResultWithFilters>b__17()
   在 System.Web.Mvc.ControllerActionInvoker.InvokeActionResultFilter(IResultFilter filter, ResultExecutingContext preContext, Func`1 continuation)
   在 System.Web.Mvc.Async.AsyncControllerActionInvoker.<>c__DisplayClass25.<BeginInvokeAction>b__22(IAsyncResult asyncResult)    ###    【访问来源】:   ###    【访问IP】:192.168.3.95  --------2016/8/8 11:18:23 ##
******************************
日志时间：2016/8/8 11:20:48
日志级别：Error
日志内容：--【访问地址】:http://192.168.3.95:8125/Film/Building *注：*在执行 controller[Film] 的 action[Building] 时产生异常:【“object”未包含“bname”的定义】，详情:   在 CallSite.Target(Closure , CallSite , Object )
   在 ASP._Page_Views_Film_Building_cshtml.Execute() 位置 e:\companyProject\极光邻信App2.0\code\JiGuangLinXin.App2.1\JiGuangLinXin.App2.0\JiGuangLinXin.App.AdminCenter\Views\Film\Building.cshtml:行号 51
   在 System.Web.WebPages.WebPageBase.ExecutePageHierarchy()
   在 System.Web.Mvc.WebViewPage.ExecutePageHierarchy()
   在 System.Web.WebPages.StartPage.ExecutePageHierarchy()
   在 System.Web.WebPages.WebPageBase.ExecutePageHierarchy(WebPageContext pageContext, TextWriter writer, WebPageRenderingBase startPage)
   在 System.Web.Mvc.ViewResultBase.ExecuteResult(ControllerContext context)
   在 System.Web.Mvc.ControllerActionInvoker.<>c__DisplayClass1a.<InvokeActionResultWithFilters>b__17()
   在 System.Web.Mvc.ControllerActionInvoker.InvokeActionResultFilter(IResultFilter filter, ResultExecutingContext preContext, Func`1 continuation)
   在 System.Web.Mvc.Async.AsyncControllerActionInvoker.<>c__DisplayClass25.<BeginInvokeAction>b__22(IAsyncResult asyncResult)    ###    【访问来源】:   ###    【访问IP】:192.168.3.95  --------2016/8/8 11:20:48 ##
******************************
日志时间：2016/8/8 11:20:48
日志级别：Error
日志内容：--【访问地址】:http://192.168.3.95:8125/Film/Building *注：*在执行 controller[Film] 的 action[Building] 时产生异常:【“object”未包含“bname”的定义】，详情:   在 CallSite.Target(Closure , CallSite , Object )
   在 ASP._Page_Views_Film_Building_cshtml.Execute() 位置 e:\companyProject\极光邻信App2.0\code\JiGuangLinXin.App2.1\JiGuangLinXin.App2.0\JiGuangLinXin.App.AdminCenter\Views\Film\Building.cshtml:行号 51
   在 System.Web.WebPages.WebPageBase.ExecutePageHierarchy()
   在 System.Web.Mvc.WebViewPage.ExecutePageHierarchy()
   在 System.Web.WebPages.StartPage.ExecutePageHierarchy()
   在 System.Web.WebPages.WebPageBase.ExecutePageHierarchy(WebPageContext pageContext, TextWriter writer, WebPageRenderingBase startPage)
   在 System.Web.Mvc.ViewResultBase.ExecuteResult(ControllerContext context)
   在 System.Web.Mvc.ControllerActionInvoker.<>c__DisplayClass1a.<InvokeActionResultWithFilters>b__17()
   在 System.Web.Mvc.ControllerActionInvoker.InvokeActionResultFilter(IResultFilter filter, ResultExecutingContext preContext, Func`1 continuation)
   在 System.Web.Mvc.Async.AsyncControllerActionInvoker.<>c__DisplayClass25.<BeginInvokeAction>b__22(IAsyncResult asyncResult)    ###    【访问来源】:   ###    【访问IP】:192.168.3.95  --------2016/8/8 11:20:48 ##
******************************
日志时间：2016/8/8 11:26:40
日志级别：Error
日志内容：--【访问地址】:http://192.168.3.95:8125/Film/Building *注：*在执行 controller[Film] 的 action[Building] 时产生异常:【e:\companyProject\极光邻信App2.0\code\JiGuangLinXin.App2.1\JiGuangLinXin.App2.0\JiGuangLinXin.App.AdminCenter\Views\Film\Building.cshtml(51): error CS1061: “object”不包含“bname”的定义，并且找不到可接受类型为“object”的第一个参数的扩展方法“bname”(是否缺少 using 指令或程序集引用?)】，详情:   在 System.Web.Compilation.BuildManager.PostProcessFoundBuildResult(BuildResult result, Boolean keyFromVPP, VirtualPath virtualPath)
   在 System.Web.Compilation.BuildManager.GetBuildResultFromCacheInternal(String cacheKey, Boolean keyFromVPP, VirtualPath virtualPath, Int64 hashCode, Boolean ensureIsUpToDate)
   在 System.Web.Compilation.BuildManager.GetVPathBuildResultFromCacheInternal(VirtualPath virtualPath, Boolean ensureIsUpToDate)
   在 System.Web.Compilation.BuildManager.GetVPathBuildResultInternal(VirtualPath virtualPath, Boolean noBuild, Boolean allowCrossApp, Boolean allowBuildInPrecompile, Boolean throwIfNotFound, Boolean ensureIsUpToDate)
   在 System.Web.Compilation.BuildManager.GetVPathBuildResultWithNoAssert(HttpContext context, VirtualPath virtualPath, Boolean noBuild, Boolean allowCrossApp, Boolean allowBuildInPrecompile, Boolean throwIfNotFound, Boolean ensureIsUpToDate)
   在 System.Web.Compilation.BuildManager.GetVirtualPathObjectFactory(VirtualPath virtualPath, HttpContext context, Boolean allowCrossApp, Boolean throwIfNotFound)
   在 System.Web.Mvc.BuildManagerWrapper.System.Web.Mvc.IBuildManager.FileExists(String virtualPath)
   在 Microsoft.Web.Mvc.ViewEngineFixWorker`1.<>c__DisplayClass4.<GetPathFromGeneralName>b__0(String path)
   在 System.Web.WebPages.DefaultDisplayMode.GetDisplayInfo(HttpContextBase httpContext, String virtualPath, Func`2 virtualPathExists)
   在 System.Linq.Enumerable.WhereSelectListIterator`2.MoveNext()
   在 System.Linq.Enumerable.FirstOrDefault[TSource](IEnumerable`1 source, Func`2 predicate)
   在 Microsoft.Web.Mvc.ViewEngineFixWorker`1.GetPathFromGeneralName(ControllerContext controllerContext, List`1 locations, String name, String controllerName, String areaName, String cacheKey, String[]& searchedLocations)
   在 Microsoft.Web.Mvc.ViewEngineFixWorker`1.GetPath(ControllerContext controllerContext, String[] locations, String[] areaLocations, String locationsPropertyName, String name, String controllerName, String cacheKeyPrefix, Boolean useCache, String[]& searchedLocations)
   在 Microsoft.Web.Mvc.ViewEngineFixWorker`1.FindView(ControllerContext controllerContext, String viewName, String masterName, Boolean useCache)
   在 System.Web.Mvc.ViewEngineCollection.<>c__DisplayClassc.<FindView>b__b(IViewEngine e)
   在 System.Web.Mvc.ViewEngineCollection.Find(Func`2 lookup, Boolean trackSearchedPaths)
   在 System.Web.Mvc.ViewEngineCollection.FindView(ControllerContext controllerContext, String viewName, String masterName)
   在 System.Web.Mvc.ViewResult.FindView(ControllerContext context)
   在 System.Web.Mvc.ViewResultBase.ExecuteResult(ControllerContext context)
   在 System.Web.Mvc.ControllerActionInvoker.<>c__DisplayClass1a.<InvokeActionResultWithFilters>b__17()
   在 System.Web.Mvc.ControllerActionInvoker.InvokeActionResultFilter(IResultFilter filter, ResultExecutingContext preContext, Func`1 continuation)
   在 System.Web.Mvc.Async.AsyncControllerActionInvoker.<>c__DisplayClass25.<BeginInvokeAction>b__22(IAsyncResult asyncResult)    ###    【访问来源】:   ###    【访问IP】:192.168.3.95  --------2016/8/8 11:26:40 ##
******************************
日志时间：2016/8/8 11:26:40
日志级别：Error
日志内容：--【访问地址】:http://192.168.3.95:8125/Film/Building *注：*在执行 controller[Film] 的 action[Building] 时产生异常:【e:\companyProject\极光邻信App2.0\code\JiGuangLinXin.App2.1\JiGuangLinXin.App2.0\JiGuangLinXin.App.AdminCenter\Views\Film\Building.cshtml(51): error CS1061: “object”不包含“bname”的定义，并且找不到可接受类型为“object”的第一个参数的扩展方法“bname”(是否缺少 using 指令或程序集引用?)】，详情:   在 System.Web.Compilation.BuildManager.PostProcessFoundBuildResult(BuildResult result, Boolean keyFromVPP, VirtualPath virtualPath)
   在 System.Web.Compilation.BuildManager.GetBuildResultFromCacheInternal(String cacheKey, Boolean keyFromVPP, VirtualPath virtualPath, Int64 hashCode, Boolean ensureIsUpToDate)
   在 System.Web.Compilation.BuildManager.GetVPathBuildResultFromCacheInternal(VirtualPath virtualPath, Boolean ensureIsUpToDate)
   在 System.Web.Compilation.BuildManager.GetVPathBuildResultInternal(VirtualPath virtualPath, Boolean noBuild, Boolean allowCrossApp, Boolean allowBuildInPrecompile, Boolean throwIfNotFound, Boolean ensureIsUpToDate)
   在 System.Web.Compilation.BuildManager.GetVPathBuildResultWithNoAssert(HttpContext context, VirtualPath virtualPath, Boolean noBuild, Boolean allowCrossApp, Boolean allowBuildInPrecompile, Boolean throwIfNotFound, Boolean ensureIsUpToDate)
   在 System.Web.Compilation.BuildManager.GetVirtualPathObjectFactory(VirtualPath virtualPath, HttpContext context, Boolean allowCrossApp, Boolean throwIfNotFound)
   在 System.Web.Mvc.BuildManagerWrapper.System.Web.Mvc.IBuildManager.FileExists(String virtualPath)
   在 Microsoft.Web.Mvc.ViewEngineFixWorker`1.<>c__DisplayClass4.<GetPathFromGeneralName>b__0(String path)
   在 System.Web.WebPages.DefaultDisplayMode.GetDisplayInfo(HttpContextBase httpContext, String virtualPath, Func`2 virtualPathExists)
   在 System.Linq.Enumerable.WhereSelectListIterator`2.MoveNext()
   在 System.Linq.Enumerable.FirstOrDefault[TSource](IEnumerable`1 source, Func`2 predicate)
   在 Microsoft.Web.Mvc.ViewEngineFixWorker`1.GetPathFromGeneralName(ControllerContext controllerContext, List`1 locations, String name, String controllerName, String areaName, String cacheKey, String[]& searchedLocations)
   在 Microsoft.Web.Mvc.ViewEngineFixWorker`1.GetPath(ControllerContext controllerContext, String[] locations, String[] areaLocations, String locationsPropertyName, String name, String controllerName, String cacheKeyPrefix, Boolean useCache, String[]& searchedLocations)
   在 Microsoft.Web.Mvc.ViewEngineFixWorker`1.FindView(ControllerContext controllerContext, String viewName, String masterName, Boolean useCache)
   在 System.Web.Mvc.ViewEngineCollection.<>c__DisplayClassc.<FindView>b__b(IViewEngine e)
   在 System.Web.Mvc.ViewEngineCollection.Find(Func`2 lookup, Boolean trackSearchedPaths)
   在 System.Web.Mvc.ViewEngineCollection.FindView(ControllerContext controllerContext, String viewName, String masterName)
   在 System.Web.Mvc.ViewResult.FindView(ControllerContext context)
   在 System.Web.Mvc.ViewResultBase.ExecuteResult(ControllerContext context)
   在 System.Web.Mvc.ControllerActionInvoker.<>c__DisplayClass1a.<InvokeActionResultWithFilters>b__17()
   在 System.Web.Mvc.ControllerActionInvoker.InvokeActionResultFilter(IResultFilter filter, ResultExecutingContext preContext, Func`1 continuation)
   在 System.Web.Mvc.Async.AsyncControllerActionInvoker.<>c__DisplayClass25.<BeginInvokeAction>b__22(IAsyncResult asyncResult)    ###    【访问来源】:   ###    【访问IP】:192.168.3.95  --------2016/8/8 11:26:40 ##
******************************
日志时间：2016/8/8 11:27:02
日志级别：Error
日志内容：--【访问地址】:http://192.168.3.95:8125/Film/Building *注：*在执行 controller[Film] 的 action[Building] 时产生异常:【e:\companyProject\极光邻信App2.0\code\JiGuangLinXin.App2.1\JiGuangLinXin.App2.0\JiGuangLinXin.App.AdminCenter\Views\Film\Building.cshtml(51): error CS1061: “object”不包含“bname”的定义，并且找不到可接受类型为“object”的第一个参数的扩展方法“bname”(是否缺少 using 指令或程序集引用?)】，详情:   在 System.Web.Compilation.AssemblyBuilder.Compile()
   在 System.Web.Compilation.BuildProvidersCompiler.PerformBuild()
   在 System.Web.Compilation.BuildManager.CompileWebFile(VirtualPath virtualPath)
   在 System.Web.Compilation.BuildManager.GetVPathBuildResultInternal(VirtualPath virtualPath, Boolean noBuild, Boolean allowCrossApp, Boolean allowBuildInPrecompile, Boolean throwIfNotFound, Boolean ensureIsUpToDate)
   在 System.Web.Compilation.BuildManager.GetVPathBuildResultWithNoAssert(HttpContext context, VirtualPath virtualPath, Boolean noBuild, Boolean allowCrossApp, Boolean allowBuildInPrecompile, Boolean throwIfNotFound, Boolean ensureIsUpToDate)
   在 System.Web.Compilation.BuildManager.GetVirtualPathObjectFactory(VirtualPath virtualPath, HttpContext context, Boolean allowCrossApp, Boolean throwIfNotFound)
   在 System.Web.Mvc.BuildManagerWrapper.System.Web.Mvc.IBuildManager.FileExists(String virtualPath)
   在 Microsoft.Web.Mvc.ViewEngineFixWorker`1.<>c__DisplayClass4.<GetPathFromGeneralName>b__0(String path)
   在 System.Web.WebPages.DefaultDisplayMode.GetDisplayInfo(HttpContextBase httpContext, String virtualPath, Func`2 virtualPathExists)
   在 System.Linq.Enumerable.WhereSelectListIterator`2.MoveNext()
   在 System.Linq.Enumerable.FirstOrDefault[TSource](IEnumerable`1 source, Func`2 predicate)
   在 Microsoft.Web.Mvc.ViewEngineFixWorker`1.GetPathFromGeneralName(ControllerContext controllerContext, List`1 locations, String name, String controllerName, String areaName, String cacheKey, String[]& searchedLocations)
   在 Microsoft.Web.Mvc.ViewEngineFixWorker`1.GetPath(ControllerContext controllerContext, String[] locations, String[] areaLocations, String locationsPropertyName, String name, String controllerName, String cacheKeyPrefix, Boolean useCache, String[]& searchedLocations)
   在 Microsoft.Web.Mvc.ViewEngineFixWorker`1.FindView(ControllerContext controllerContext, String viewName, String masterName, Boolean useCache)
   在 System.Web.Mvc.ViewEngineCollection.<>c__DisplayClassc.<FindView>b__b(IViewEngine e)
   在 System.Web.Mvc.ViewEngineCollection.Find(Func`2 lookup, Boolean trackSearchedPaths)
   在 System.Web.Mvc.ViewEngineCollection.FindView(ControllerContext controllerContext, String viewName, String masterName)
   在 System.Web.Mvc.ViewResult.FindView(ControllerContext context)
   在 System.Web.Mvc.ViewResultBase.ExecuteResult(ControllerContext context)
   在 System.Web.Mvc.ControllerActionInvoker.<>c__DisplayClass1a.<InvokeActionResultWithFilters>b__17()
   在 System.Web.Mvc.ControllerActionInvoker.InvokeActionResultFilter(IResultFilter filter, ResultExecutingContext preContext, Func`1 continuation)
   在 System.Web.Mvc.Async.AsyncControllerActionInvoker.<>c__DisplayClass25.<BeginInvokeAction>b__22(IAsyncResult asyncResult)    ###    【访问来源】:   ###    【访问IP】:192.168.3.95  --------2016/8/8 11:27:02 ##
******************************
日志时间：2016/8/8 11:28:29
日志级别：Error
日志内容：--【访问地址】:http://192.168.3.95:8125/Film/Building *注：*在执行 controller[Film] 的 action[Building] 时产生异常:【e:\companyProject\极光邻信App2.0\code\JiGuangLinXin.App2.1\JiGuangLinXin.App2.0\JiGuangLinXin.App.AdminCenter\Views\Film\Building.cshtml(50): error CS1061: “object”不包含“bname”的定义，并且找不到可接受类型为“object”的第一个参数的扩展方法“bname”(是否缺少 using 指令或程序集引用?)】，详情:   在 System.Web.Compilation.AssemblyBuilder.Compile()
   在 System.Web.Compilation.BuildProvidersCompiler.PerformBuild()
   在 System.Web.Compilation.BuildManager.CompileWebFile(VirtualPath virtualPath)
   在 System.Web.Compilation.BuildManager.GetVPathBuildResultInternal(VirtualPath virtualPath, Boolean noBuild, Boolean allowCrossApp, Boolean allowBuildInPrecompile, Boolean throwIfNotFound, Boolean ensureIsUpToDate)
   在 System.Web.Compilation.BuildManager.GetVPathBuildResultWithNoAssert(HttpContext context, VirtualPath virtualPath, Boolean noBuild, Boolean allowCrossApp, Boolean allowBuildInPrecompile, Boolean throwIfNotFound, Boolean ensureIsUpToDate)
   在 System.Web.Compilation.BuildManager.GetVirtualPathObjectFactory(VirtualPath virtualPath, HttpContext context, Boolean allowCrossApp, Boolean throwIfNotFound)
   在 System.Web.Mvc.BuildManagerWrapper.System.Web.Mvc.IBuildManager.FileExists(String virtualPath)
   在 Microsoft.Web.Mvc.ViewEngineFixWorker`1.<>c__DisplayClass4.<GetPathFromGeneralName>b__0(String path)
   在 System.Web.WebPages.DefaultDisplayMode.GetDisplayInfo(HttpContextBase httpContext, String virtualPath, Func`2 virtualPathExists)
   在 System.Linq.Enumerable.WhereSelectListIterator`2.MoveNext()
   在 System.Linq.Enumerable.FirstOrDefault[TSource](IEnumerable`1 source, Func`2 predicate)
   在 Microsoft.Web.Mvc.ViewEngineFixWorker`1.GetPathFromGeneralName(ControllerContext controllerContext, List`1 locations, String name, String controllerName, String areaName, String cacheKey, String[]& searchedLocations)
   在 Microsoft.Web.Mvc.ViewEngineFixWorker`1.GetPath(ControllerContext controllerContext, String[] locations, String[] areaLocations, String locationsPropertyName, String name, String controllerName, String cacheKeyPrefix, Boolean useCache, String[]& searchedLocations)
   在 Microsoft.Web.Mvc.ViewEngineFixWorker`1.FindView(ControllerContext controllerContext, String viewName, String masterName, Boolean useCache)
   在 System.Web.Mvc.ViewEngineCollection.<>c__DisplayClassc.<FindView>b__b(IViewEngine e)
   在 System.Web.Mvc.ViewEngineCollection.Find(Func`2 lookup, Boolean trackSearchedPaths)
   在 System.Web.Mvc.ViewEngineCollection.FindView(ControllerContext controllerContext, String viewName, String masterName)
   在 System.Web.Mvc.ViewResult.FindView(ControllerContext context)
   在 System.Web.Mvc.ViewResultBase.ExecuteResult(ControllerContext context)
   在 System.Web.Mvc.ControllerActionInvoker.<>c__DisplayClass1a.<InvokeActionResultWithFilters>b__17()
   在 System.Web.Mvc.ControllerActionInvoker.InvokeActionResultFilter(IResultFilter filter, ResultExecutingContext preContext, Func`1 continuation)
   在 System.Web.Mvc.Async.AsyncControllerActionInvoker.<>c__DisplayClass25.<BeginInvokeAction>b__22(IAsyncResult asyncResult)    ###    【访问来源】:   ###    【访问IP】:192.168.3.95  --------2016/8/8 11:28:29 ##
******************************
日志时间：2016/8/8 11:28:41
日志级别：Error
日志内容：--【访问地址】:http://192.168.3.95:8125/Film/Building *注：*在执行 controller[Film] 的 action[Building] 时产生异常:【Unable to find a constructor to use for type Webdiyer.WebControls.Mvc.PagedList`1[System.Object]. Path '', line 1, position 1.】，详情:   在 JiGuangLinXin.App.Provide.JsonHelper.JsonSerialize.JsonToObject[T](String json) 位置 e:\companyProject\极光邻信App2.0\code\JiGuangLinXin.App2.1\JiGuangLinXin.App2.0\JiGuangLinXin.App.Provide\JsonHelper\JsonSerialize.cs:行号 41
   在 System.Dynamic.UpdateDelegates.UpdateAndExecute2[T0,T1,TRet](CallSite site, T0 arg0, T1 arg1)
   在 ASP._Page_Views_Film_Building_cshtml.Execute() 位置 e:\companyProject\极光邻信App2.0\code\JiGuangLinXin.App2.1\JiGuangLinXin.App2.0\JiGuangLinXin.App.AdminCenter\Views\Film\Building.cshtml:行号 5
   在 System.Web.WebPages.WebPageBase.ExecutePageHierarchy()
   在 System.Web.Mvc.WebViewPage.ExecutePageHierarchy()
   在 System.Web.WebPages.StartPage.ExecutePageHierarchy()
   在 System.Web.WebPages.WebPageBase.ExecutePageHierarchy(WebPageContext pageContext, TextWriter writer, WebPageRenderingBase startPage)
   在 System.Web.Mvc.ViewResultBase.ExecuteResult(ControllerContext context)
   在 System.Web.Mvc.ControllerActionInvoker.<>c__DisplayClass1a.<InvokeActionResultWithFilters>b__17()
   在 System.Web.Mvc.ControllerActionInvoker.InvokeActionResultFilter(IResultFilter filter, ResultExecutingContext preContext, Func`1 continuation)
   在 System.Web.Mvc.Async.AsyncControllerActionInvoker.<>c__DisplayClass25.<BeginInvokeAction>b__22(IAsyncResult asyncResult)    ###    【访问来源】:   ###    【访问IP】:192.168.3.95  --------2016/8/8 11:28:41 ##
******************************
日志时间：2016/8/8 11:28:42
日志级别：Error
日志内容：--【访问地址】:http://192.168.3.95:8125/Film/Building *注：*在执行 controller[Film] 的 action[Building] 时产生异常:【Unable to find a constructor to use for type Webdiyer.WebControls.Mvc.PagedList`1[System.Object]. Path '', line 1, position 1.】，详情:   在 JiGuangLinXin.App.Provide.JsonHelper.JsonSerialize.JsonToObject[T](String json) 位置 e:\companyProject\极光邻信App2.0\code\JiGuangLinXin.App2.1\JiGuangLinXin.App2.0\JiGuangLinXin.App.Provide\JsonHelper\JsonSerialize.cs:行号 41
   在 ASP._Page_Views_Film_Building_cshtml.Execute() 位置 e:\companyProject\极光邻信App2.0\code\JiGuangLinXin.App2.1\JiGuangLinXin.App2.0\JiGuangLinXin.App.AdminCenter\Views\Film\Building.cshtml:行号 5
   在 System.Web.WebPages.WebPageBase.ExecutePageHierarchy()
   在 System.Web.Mvc.WebViewPage.ExecutePageHierarchy()
   在 System.Web.WebPages.StartPage.ExecutePageHierarchy()
   在 System.Web.WebPages.WebPageBase.ExecutePageHierarchy(WebPageContext pageContext, TextWriter writer, WebPageRenderingBase startPage)
   在 System.Web.Mvc.ViewResultBase.ExecuteResult(ControllerContext context)
   在 System.Web.Mvc.ControllerActionInvoker.<>c__DisplayClass1a.<InvokeActionResultWithFilters>b__17()
   在 System.Web.Mvc.ControllerActionInvoker.InvokeActionResultFilter(IResultFilter filter, ResultExecutingContext preContext, Func`1 continuation)
   在 System.Web.Mvc.Async.AsyncControllerActionInvoker.<>c__DisplayClass25.<BeginInvokeAction>b__22(IAsyncResult asyncResult)    ###    【访问来源】:   ###    【访问IP】:192.168.3.95  --------2016/8/8 11:28:42 ##
******************************
日志时间：2016/8/8 11:29:01
日志级别：Error
日志内容：--【访问地址】:http://192.168.3.95:8125/Film/Building *注：*在执行 controller[Film] 的 action[Building] 时产生异常:【Unable to find a constructor to use for type Webdiyer.WebControls.Mvc.PagedList`1[System.Object]. Path '', line 1, position 1.】，详情:   在 JiGuangLinXin.App.Provide.JsonHelper.JsonSerialize.JsonToObject[T](String json) 位置 e:\companyProject\极光邻信App2.0\code\JiGuangLinXin.App2.1\JiGuangLinXin.App2.0\JiGuangLinXin.App.Provide\JsonHelper\JsonSerialize.cs:行号 41
   在 ASP._Page_Views_Film_Building_cshtml.Execute() 位置 e:\companyProject\极光邻信App2.0\code\JiGuangLinXin.App2.1\JiGuangLinXin.App2.0\JiGuangLinXin.App.AdminCenter\Views\Film\Building.cshtml:行号 5
   在 System.Web.WebPages.WebPageBase.ExecutePageHierarchy()
   在 System.Web.Mvc.WebViewPage.ExecutePageHierarchy()
   在 System.Web.WebPages.StartPage.ExecutePageHierarchy()
   在 System.Web.WebPages.WebPageBase.ExecutePageHierarchy(WebPageContext pageContext, TextWriter writer, WebPageRenderingBase startPage)
   在 System.Web.Mvc.ViewResultBase.ExecuteResult(ControllerContext context)
   在 System.Web.Mvc.ControllerActionInvoker.<>c__DisplayClass1a.<InvokeActionResultWithFilters>b__17()
   在 System.Web.Mvc.ControllerActionInvoker.InvokeActionResultFilter(IResultFilter filter, ResultExecutingContext preContext, Func`1 continuation)
   在 System.Web.Mvc.Async.AsyncControllerActionInvoker.<>c__DisplayClass25.<BeginInvokeAction>b__22(IAsyncResult asyncResult)    ###    【访问来源】:   ###    【访问IP】:192.168.3.95  --------2016/8/8 11:29:01 ##
******************************
日志时间：2016/8/8 11:29:39
日志级别：Error
日志内容：--【访问地址】:http://192.168.3.95:8125/Film/Building *注：*在执行 controller[Film] 的 action[Building] 时产生异常:【e:\companyProject\极光邻信App2.0\code\JiGuangLinXin.App2.1\JiGuangLinXin.App2.0\JiGuangLinXin.App.AdminCenter\Views\Film\Building.cshtml(65): error CS1928: “System.Web.Mvc.HtmlHelper<dynamic>”不包含“Pager”的定义，并且最佳扩展方法重载“Webdiyer.WebControls.Mvc.PagerExtensions.Pager(System.Web.Mvc.HtmlHelper, Webdiyer.WebControls.Mvc.IPagedList, Webdiyer.WebControls.Mvc.PagerOptions)”的某些参数无效】，详情:   在 System.Web.Compilation.AssemblyBuilder.Compile()
   在 System.Web.Compilation.BuildProvidersCompiler.PerformBuild()
   在 System.Web.Compilation.BuildManager.CompileWebFile(VirtualPath virtualPath)
   在 System.Web.Compilation.BuildManager.GetVPathBuildResultInternal(VirtualPath virtualPath, Boolean noBuild, Boolean allowCrossApp, Boolean allowBuildInPrecompile, Boolean throwIfNotFound, Boolean ensureIsUpToDate)
   在 System.Web.Compilation.BuildManager.GetVPathBuildResultWithNoAssert(HttpContext context, VirtualPath virtualPath, Boolean noBuild, Boolean allowCrossApp, Boolean allowBuildInPrecompile, Boolean throwIfNotFound, Boolean ensureIsUpToDate)
   在 System.Web.Compilation.BuildManager.GetVirtualPathObjectFactory(VirtualPath virtualPath, HttpContext context, Boolean allowCrossApp, Boolean throwIfNotFound)
   在 System.Web.Mvc.BuildManagerWrapper.System.Web.Mvc.IBuildManager.FileExists(String virtualPath)
   在 Microsoft.Web.Mvc.ViewEngineFixWorker`1.<>c__DisplayClass4.<GetPathFromGeneralName>b__0(String path)
   在 System.Web.WebPages.DefaultDisplayMode.GetDisplayInfo(HttpContextBase httpContext, String virtualPath, Func`2 virtualPathExists)
   在 System.Linq.Enumerable.WhereSelectListIterator`2.MoveNext()
   在 System.Linq.Enumerable.FirstOrDefault[TSource](IEnumerable`1 source, Func`2 predicate)
   在 Microsoft.Web.Mvc.ViewEngineFixWorker`1.GetPathFromGeneralName(ControllerContext controllerContext, List`1 locations, String name, String controllerName, String areaName, String cacheKey, String[]& searchedLocations)
   在 Microsoft.Web.Mvc.ViewEngineFixWorker`1.GetPath(ControllerContext controllerContext, String[] locations, String[] areaLocations, String locationsPropertyName, String name, String controllerName, String cacheKeyPrefix, Boolean useCache, String[]& searchedLocations)
   在 Microsoft.Web.Mvc.ViewEngineFixWorker`1.FindView(ControllerContext controllerContext, String viewName, String masterName, Boolean useCache)
   在 System.Web.Mvc.ViewEngineCollection.<>c__DisplayClassc.<FindView>b__b(IViewEngine e)
   在 System.Web.Mvc.ViewEngineCollection.Find(Func`2 lookup, Boolean trackSearchedPaths)
   在 System.Web.Mvc.ViewEngineCollection.FindView(ControllerContext controllerContext, String viewName, String masterName)
   在 System.Web.Mvc.ViewResult.FindView(ControllerContext context)
   在 System.Web.Mvc.ViewResultBase.ExecuteResult(ControllerContext context)
   在 System.Web.Mvc.ControllerActionInvoker.<>c__DisplayClass1a.<InvokeActionResultWithFilters>b__17()
   在 System.Web.Mvc.ControllerActionInvoker.InvokeActionResultFilter(IResultFilter filter, ResultExecutingContext preContext, Func`1 continuation)
   在 System.Web.Mvc.Async.AsyncControllerActionInvoker.<>c__DisplayClass25.<BeginInvokeAction>b__22(IAsyncResult asyncResult)    ###    【访问来源】:   ###    【访问IP】:192.168.3.95  --------2016/8/8 11:29:39 ##
******************************
日志时间：2016/8/8 11:29:39
日志级别：Error
日志内容：--【访问地址】:http://192.168.3.95:8125/Film/Building *注：*在执行 controller[Film] 的 action[Building] 时产生异常:【e:\companyProject\极光邻信App2.0\code\JiGuangLinXin.App2.1\JiGuangLinXin.App2.0\JiGuangLinXin.App.AdminCenter\Views\Film\Building.cshtml(65): error CS1928: “System.Web.Mvc.HtmlHelper<dynamic>”不包含“Pager”的定义，并且最佳扩展方法重载“Webdiyer.WebControls.Mvc.PagerExtensions.Pager(System.Web.Mvc.HtmlHelper, Webdiyer.WebControls.Mvc.IPagedList, Webdiyer.WebControls.Mvc.PagerOptions)”的某些参数无效】，详情:   在 System.Web.Compilation.BuildManager.PostProcessFoundBuildResult(BuildResult result, Boolean keyFromVPP, VirtualPath virtualPath)
   在 System.Web.Compilation.BuildManager.GetBuildResultFromCacheInternal(String cacheKey, Boolean keyFromVPP, VirtualPath virtualPath, Int64 hashCode, Boolean ensureIsUpToDate)
   在 System.Web.Compilation.BuildManager.GetVPathBuildResultFromCacheInternal(VirtualPath virtualPath, Boolean ensureIsUpToDate)
   在 System.Web.Compilation.BuildManager.GetVPathBuildResultInternal(VirtualPath virtualPath, Boolean noBuild, Boolean allowCrossApp, Boolean allowBuildInPrecompile, Boolean throwIfNotFound, Boolean ensureIsUpToDate)
   在 System.Web.Compilation.BuildManager.GetVPathBuildResultWithNoAssert(HttpContext context, VirtualPath virtualPath, Boolean noBuild, Boolean allowCrossApp, Boolean allowBuildInPrecompile, Boolean throwIfNotFound, Boolean ensureIsUpToDate)
   在 System.Web.Compilation.BuildManager.GetVirtualPathObjectFactory(VirtualPath virtualPath, HttpContext context, Boolean allowCrossApp, Boolean throwIfNotFound)
   在 System.Web.Mvc.BuildManagerWrapper.System.Web.Mvc.IBuildManager.FileExists(String virtualPath)
   在 Microsoft.Web.Mvc.ViewEngineFixWorker`1.<>c__DisplayClass4.<GetPathFromGeneralName>b__0(String path)
   在 System.Web.WebPages.DefaultDisplayMode.GetDisplayInfo(HttpContextBase httpContext, String virtualPath, Func`2 virtualPathExists)
   在 System.Linq.Enumerable.WhereSelectListIterator`2.MoveNext()
   在 System.Linq.Enumerable.FirstOrDefault[TSource](IEnumerable`1 source, Func`2 predicate)
   在 Microsoft.Web.Mvc.ViewEngineFixWorker`1.GetPathFromGeneralName(ControllerContext controllerContext, List`1 locations, String name, String controllerName, String areaName, String cacheKey, String[]& searchedLocations)
   在 Microsoft.Web.Mvc.ViewEngineFixWorker`1.GetPath(ControllerContext controllerContext, String[] locations, String[] areaLocations, String locationsPropertyName, String name, String controllerName, String cacheKeyPrefix, Boolean useCache, String[]& searchedLocations)
   在 Microsoft.Web.Mvc.ViewEngineFixWorker`1.FindView(ControllerContext controllerContext, String viewName, String masterName, Boolean useCache)
   在 System.Web.Mvc.ViewEngineCollection.<>c__DisplayClassc.<FindView>b__b(IViewEngine e)
   在 System.Web.Mvc.ViewEngineCollection.Find(Func`2 lookup, Boolean trackSearchedPaths)
   在 System.Web.Mvc.ViewEngineCollection.FindView(ControllerContext controllerContext, String viewName, String masterName)
   在 System.Web.Mvc.ViewResult.FindView(ControllerContext context)
   在 System.Web.Mvc.ViewResultBase.ExecuteResult(ControllerContext context)
   在 System.Web.Mvc.ControllerActionInvoker.<>c__DisplayClass1a.<InvokeActionResultWithFilters>b__17()
   在 System.Web.Mvc.ControllerActionInvoker.InvokeActionResultFilter(IResultFilter filter, ResultExecutingContext preContext, Func`1 continuation)
   在 System.Web.Mvc.Async.AsyncControllerActionInvoker.<>c__DisplayClass25.<BeginInvokeAction>b__22(IAsyncResult asyncResult)    ###    【访问来源】:   ###    【访问IP】:192.168.3.95  --------2016/8/8 11:29:39 ##
******************************
日志时间：2016/8/8 11:30:17
日志级别：Error
日志内容：--【访问地址】:http://192.168.3.95:8125/Film/Building *注：*在执行 controller[Film] 的 action[Building] 时产生异常:【无法将类型“System.Collections.Generic.List<object>”隐式转换为“Webdiyer.WebControls.Mvc.PagedList<object>”。存在一个显式转换(是否缺少强制转换?)】，详情:   在 CallSite.Target(Closure , CallSite , Object )
   在 System.Dynamic.UpdateDelegates.UpdateAndExecute1[T0,TRet](CallSite site, T0 arg0)
   在 ASP._Page_Views_Film_Building_cshtml.Execute() 位置 e:\companyProject\极光邻信App2.0\code\JiGuangLinXin.App2.1\JiGuangLinXin.App2.0\JiGuangLinXin.App.AdminCenter\Views\Film\Building.cshtml:行号 5
   在 System.Web.WebPages.WebPageBase.ExecutePageHierarchy()
   在 System.Web.Mvc.WebViewPage.ExecutePageHierarchy()
   在 System.Web.WebPages.StartPage.ExecutePageHierarchy()
   在 System.Web.WebPages.WebPageBase.ExecutePageHierarchy(WebPageContext pageContext, TextWriter writer, WebPageRenderingBase startPage)
   在 System.Web.Mvc.ViewResultBase.ExecuteResult(ControllerContext context)
   在 System.Web.Mvc.ControllerActionInvoker.<>c__DisplayClass1a.<InvokeActionResultWithFilters>b__17()
   在 System.Web.Mvc.ControllerActionInvoker.InvokeActionResultFilter(IResultFilter filter, ResultExecutingContext preContext, Func`1 continuation)
   在 System.Web.Mvc.Async.AsyncControllerActionInvoker.<>c__DisplayClass25.<BeginInvokeAction>b__22(IAsyncResult asyncResult)    ###    【访问来源】:   ###    【访问IP】:192.168.3.95  --------2016/8/8 11:30:17 ##
******************************
日志时间：2016/8/8 11:30:30
日志级别：Error
日志内容：--【访问地址】:http://192.168.3.95:8125/Film/Building *注：*在执行 controller[Film] 的 action[Building] 时产生异常:【未将对象引用设置到对象的实例。】，详情:   在 ASP._Page_Views_Film_Building_cshtml.Execute() 位置 e:\companyProject\极光邻信App2.0\code\JiGuangLinXin.App2.1\JiGuangLinXin.App2.0\JiGuangLinXin.App.AdminCenter\Views\Film\Building.cshtml:行号 47
   在 System.Web.WebPages.WebPageBase.ExecutePageHierarchy()
   在 System.Web.Mvc.WebViewPage.ExecutePageHierarchy()
   在 System.Web.WebPages.StartPage.ExecutePageHierarchy()
   在 System.Web.WebPages.WebPageBase.ExecutePageHierarchy(WebPageContext pageContext, TextWriter writer, WebPageRenderingBase startPage)
   在 System.Web.Mvc.ViewResultBase.ExecuteResult(ControllerContext context)
   在 System.Web.Mvc.ControllerActionInvoker.<>c__DisplayClass1a.<InvokeActionResultWithFilters>b__17()
   在 System.Web.Mvc.ControllerActionInvoker.InvokeActionResultFilter(IResultFilter filter, ResultExecutingContext preContext, Func`1 continuation)
   在 System.Web.Mvc.Async.AsyncControllerActionInvoker.<>c__DisplayClass25.<BeginInvokeAction>b__22(IAsyncResult asyncResult)    ###    【访问来源】:   ###    【访问IP】:192.168.3.95  --------2016/8/8 11:30:30 ##
******************************
日志时间：2016/8/8 11:30:30
日志级别：Error
日志内容：--【访问地址】:http://192.168.3.95:8125/Film/Building *注：*在执行 controller[Film] 的 action[Building] 时产生异常:【未将对象引用设置到对象的实例。】，详情:   在 ASP._Page_Views_Film_Building_cshtml.Execute() 位置 e:\companyProject\极光邻信App2.0\code\JiGuangLinXin.App2.1\JiGuangLinXin.App2.0\JiGuangLinXin.App.AdminCenter\Views\Film\Building.cshtml:行号 47
   在 System.Web.WebPages.WebPageBase.ExecutePageHierarchy()
   在 System.Web.Mvc.WebViewPage.ExecutePageHierarchy()
   在 System.Web.WebPages.StartPage.ExecutePageHierarchy()
   在 System.Web.WebPages.WebPageBase.ExecutePageHierarchy(WebPageContext pageContext, TextWriter writer, WebPageRenderingBase startPage)
   在 System.Web.Mvc.ViewResultBase.ExecuteResult(ControllerContext context)
   在 System.Web.Mvc.ControllerActionInvoker.<>c__DisplayClass1a.<InvokeActionResultWithFilters>b__17()
   在 System.Web.Mvc.ControllerActionInvoker.InvokeActionResultFilter(IResultFilter filter, ResultExecutingContext preContext, Func`1 continuation)
   在 System.Web.Mvc.Async.AsyncControllerActionInvoker.<>c__DisplayClass25.<BeginInvokeAction>b__22(IAsyncResult asyncResult)    ###    【访问来源】:   ###    【访问IP】:192.168.3.95  --------2016/8/8 11:30:30 ##
******************************
日志时间：2016/8/8 11:30:45
日志级别：Error
日志内容：--【访问地址】:http://192.168.3.95:8125/Film/Building *注：*在执行 controller[Film] 的 action[Building] 时产生异常:【Unable to find a constructor to use for type Webdiyer.WebControls.Mvc.PagedList`1[System.Object]. Path '', line 1, position 1.】，详情:   在 JiGuangLinXin.App.Provide.JsonHelper.JsonSerialize.JsonToObject[T](String json) 位置 e:\companyProject\极光邻信App2.0\code\JiGuangLinXin.App2.1\JiGuangLinXin.App2.0\JiGuangLinXin.App.Provide\JsonHelper\JsonSerialize.cs:行号 41
   在 System.Dynamic.UpdateDelegates.UpdateAndExecute2[T0,T1,TRet](CallSite site, T0 arg0, T1 arg1)
   在 ASP._Page_Views_Film_Building_cshtml.Execute() 位置 e:\companyProject\极光邻信App2.0\code\JiGuangLinXin.App2.1\JiGuangLinXin.App2.0\JiGuangLinXin.App.AdminCenter\Views\Film\Building.cshtml:行号 5
   在 System.Web.WebPages.WebPageBase.ExecutePageHierarchy()
   在 System.Web.Mvc.WebViewPage.ExecutePageHierarchy()
   在 System.Web.WebPages.StartPage.ExecutePageHierarchy()
   在 System.Web.WebPages.WebPageBase.ExecutePageHierarchy(WebPageContext pageContext, TextWriter writer, WebPageRenderingBase startPage)
   在 System.Web.Mvc.ViewResultBase.ExecuteResult(ControllerContext context)
   在 System.Web.Mvc.ControllerActionInvoker.<>c__DisplayClass1a.<InvokeActionResultWithFilters>b__17()
   在 System.Web.Mvc.ControllerActionInvoker.InvokeActionResultFilter(IResultFilter filter, ResultExecutingContext preContext, Func`1 continuation)
   在 System.Web.Mvc.Async.AsyncControllerActionInvoker.<>c__DisplayClass25.<BeginInvokeAction>b__22(IAsyncResult asyncResult)    ###    【访问来源】:   ###    【访问IP】:192.168.3.95  --------2016/8/8 11:30:45 ##
******************************
日志时间：2016/8/8 11:30:45
日志级别：Error
日志内容：--【访问地址】:http://192.168.3.95:8125/Film/Building *注：*在执行 controller[Film] 的 action[Building] 时产生异常:【Unable to find a constructor to use for type Webdiyer.WebControls.Mvc.PagedList`1[System.Object]. Path '', line 1, position 1.】，详情:   在 JiGuangLinXin.App.Provide.JsonHelper.JsonSerialize.JsonToObject[T](String json) 位置 e:\companyProject\极光邻信App2.0\code\JiGuangLinXin.App2.1\JiGuangLinXin.App2.0\JiGuangLinXin.App.Provide\JsonHelper\JsonSerialize.cs:行号 41
   在 ASP._Page_Views_Film_Building_cshtml.Execute() 位置 e:\companyProject\极光邻信App2.0\code\JiGuangLinXin.App2.1\JiGuangLinXin.App2.0\JiGuangLinXin.App.AdminCenter\Views\Film\Building.cshtml:行号 5
   在 System.Web.WebPages.WebPageBase.ExecutePageHierarchy()
   在 System.Web.Mvc.WebViewPage.ExecutePageHierarchy()
   在 System.Web.WebPages.StartPage.ExecutePageHierarchy()
   在 System.Web.WebPages.WebPageBase.ExecutePageHierarchy(WebPageContext pageContext, TextWriter writer, WebPageRenderingBase startPage)
   在 System.Web.Mvc.ViewResultBase.ExecuteResult(ControllerContext context)
   在 System.Web.Mvc.ControllerActionInvoker.<>c__DisplayClass1a.<InvokeActionResultWithFilters>b__17()
   在 System.Web.Mvc.ControllerActionInvoker.InvokeActionResultFilter(IResultFilter filter, ResultExecutingContext preContext, Func`1 continuation)
   在 System.Web.Mvc.Async.AsyncControllerActionInvoker.<>c__DisplayClass25.<BeginInvokeAction>b__22(IAsyncResult asyncResult)    ###    【访问来源】:   ###    【访问IP】:192.168.3.95  --------2016/8/8 11:30:45 ##
******************************
