日志时间：2016/4/29 11:58:33
日志级别：Error
日志内容：--【访问地址】:http://192.168.3.95:8125/BaseInfo/Edit/ *注：*在执行 controller[BaseInfo] 的 action[Edit] 时产生异常:【从客户端(B_Content="<h3 id="toc_0" style...")中检测到有潜在危险的 Request.Form 值。】，详情:   在 System.Web.HttpRequest.ValidateString(String value, String collectionKey, RequestValidationSource requestCollection)
   在 System.Web.HttpValueCollection.GetValues(String name)
   在 System.Web.Mvc.NameValueCollectionValueProvider.ValueProviderResultPlaceholder.GetResultFromCollection(String key, NameValueCollection collection, CultureInfo culture)
   在 System.Lazy`1.CreateValue()
   在 System.Lazy`1.LazyInitValue()
   在 System.Web.Mvc.NameValueCollectionValueProvider.ValueProviderResultPlaceholder.get_ValidatedResult()
   在 System.Web.Mvc.NameValueCollectionValueProvider.GetValue(String key, Boolean skipValidation)
   在 System.Web.Mvc.ValueProviderCollection.<>c__DisplayClass9.<GetValue>b__4(IValueProvider provider)
   在 System.Linq.Enumerable.WhereSelectEnumerableIterator`2.MoveNext()
   在 System.Linq.Enumerable.WhereSelectEnumerableIterator`2.MoveNext()
   在 System.Linq.Enumerable.FirstOrDefault[TSource](IEnumerable`1 source)
   在 System.Web.Mvc.DefaultModelBinder.BindModel(ControllerContext controllerContext, ModelBindingContext bindingContext)
   在 System.Web.Mvc.DefaultModelBinder.GetPropertyValue(ControllerContext controllerContext, ModelBindingContext bindingContext, PropertyDescriptor propertyDescriptor, IModelBinder propertyBinder)
   在 System.Web.Mvc.DefaultModelBinder.BindProperty(ControllerContext controllerContext, ModelBindingContext bindingContext, PropertyDescriptor propertyDescriptor)
   在 System.Web.Mvc.DefaultModelBinder.BindProperties(ControllerContext controllerContext, ModelBindingContext bindingContext)
   在 System.Web.Mvc.DefaultModelBinder.BindComplexModel(ControllerContext controllerContext, ModelBindingContext bindingContext)
   在 System.Web.Mvc.ControllerActionInvoker.GetParameterValue(ControllerContext controllerContext, ParameterDescriptor parameterDescriptor)
   在 System.Web.Mvc.ControllerActionInvoker.GetParameterValues(ControllerContext controllerContext, ActionDescriptor actionDescriptor)
   在 System.Web.Mvc.Async.AsyncControllerActionInvoker.<>c__DisplayClass25.<BeginInvokeAction>b__1e(AsyncCallback asyncCallback, Object asyncState)    ###    【访问来源】:http://192.168.3.95:8125/BaseInfo/Edit/4   ###    【访问IP】:192.168.3.95  --------2016/4/29 11:58:33 ##
******************************
