日志时间：2016/11/4 16:58:41
日志级别：Error
日志内容：--【访问地址】:http://192.168.3.95:8125/Refund *注：*在执行 controller[Refund] 的 action[Index] 时产生异常:【未找到视图“Index”或其母版视图，或没有视图引擎支持搜索的位置。搜索了以下位置: 
~/Views/Refund/Index.aspx
~/Views/Refund/Index.ascx
~/Views/Shared/Index.aspx
~/Views/Shared/Index.ascx
~/Views/Refund/Index.cshtml
~/Views/Refund/Index.vbhtml
~/Views/Shared/Index.cshtml
~/Views/Shared/Index.vbhtml】，详情:   在 System.Web.Mvc.ViewResult.FindView(ControllerContext context)
   在 System.Web.Mvc.ViewResultBase.ExecuteResult(ControllerContext context)
   在 System.Web.Mvc.ControllerActionInvoker.<>c__DisplayClass1a.<InvokeActionResultWithFilters>b__17()
   在 System.Web.Mvc.ControllerActionInvoker.InvokeActionResultFilter(IResultFilter filter, ResultExecutingContext preContext, Func`1 continuation)
   在 System.Web.Mvc.Async.AsyncControllerActionInvoker.<>c__DisplayClass25.<BeginInvokeAction>b__22(IAsyncResult asyncResult)    ###    【访问来源】:http://192.168.3.95:8125/refund/edit   ###    【访问IP】:192.168.3.95  --------2016/11/4 16:58:41 ##
******************************
日志时间：2016/11/4 17:00:41
日志级别：Error
日志内容：--【访问地址】:http://192.168.3.95:8125/Refund *注：*在执行 controller[Refund] 的 action[Index] 时产生异常:【未找到视图“Index”或其母版视图，或没有视图引擎支持搜索的位置。搜索了以下位置: 
~/Views/Refund/Index.aspx
~/Views/Refund/Index.ascx
~/Views/Shared/Index.aspx
~/Views/Shared/Index.ascx
~/Views/Refund/Index.cshtml
~/Views/Refund/Index.vbhtml
~/Views/Shared/Index.cshtml
~/Views/Shared/Index.vbhtml】，详情:   在 System.Web.Mvc.ViewResult.FindView(ControllerContext context)
   在 System.Web.Mvc.ViewResultBase.ExecuteResult(ControllerContext context)
   在 System.Web.Mvc.ControllerActionInvoker.<>c__DisplayClass1a.<InvokeActionResultWithFilters>b__17()
   在 System.Web.Mvc.ControllerActionInvoker.InvokeActionResultFilter(IResultFilter filter, ResultExecutingContext preContext, Func`1 continuation)
   在 System.Web.Mvc.Async.AsyncControllerActionInvoker.<>c__DisplayClass25.<BeginInvokeAction>b__22(IAsyncResult asyncResult)    ###    【访问来源】:http://192.168.3.95:8125/refund/edit   ###    【访问IP】:192.168.3.95  --------2016/11/4 17:00:41 ##
******************************
日志时间：2016/11/4 17:07:10
日志级别：Error
日志内容：--【访问地址】:http://192.168.3.95:8125/Refund/Edit *注：*在执行 controller[Refund] 的 action[Edit] 时产生异常:【未将对象引用设置到对象的实例。】，详情:   在 JiGuangLinXin.App.Core.RefundCore.Back(Int32 billNo, Guid uid, Int32 uFlag, Decimal money, String remark, Guid adminId, String adminName) 位置 e:\companyProject\极光邻信App2.0\code\JiGuangLinXin.App2.1\JiGuangLinXin.App2.0\JiGuangLinXin.App.Core\CheckHistoryCore.cs:行号 92
   在 JiGuangLinXin.App.AdminCenter.Controllers.RefundController.Edit(FormCollection obj) 位置 e:\companyProject\极光邻信App2.0\code\JiGuangLinXin.App2.1\JiGuangLinXin.App2.0\JiGuangLinXin.App.AdminCenter\Controllers\RefundController.cs:行号 44
   在 lambda_method(Closure , ControllerBase , Object[] )
   在 System.Web.Mvc.ReflectedActionDescriptor.Execute(ControllerContext controllerContext, IDictionary`2 parameters)
   在 System.Web.Mvc.ControllerActionInvoker.InvokeActionMethod(ControllerContext controllerContext, ActionDescriptor actionDescriptor, IDictionary`2 parameters)
   在 System.Web.Mvc.Async.AsyncControllerActionInvoker.<>c__DisplayClass42.<BeginInvokeSynchronousActionMethod>b__41()
   在 System.Web.Mvc.Async.AsyncControllerActionInvoker.EndInvokeActionMethod(IAsyncResult asyncResult)
   在 System.Web.Mvc.Async.AsyncControllerActionInvoker.<>c__DisplayClass37.<>c__DisplayClass39.<BeginInvokeActionMethodWithFilters>b__33()
   在 System.Web.Mvc.Async.AsyncControllerActionInvoker.<>c__DisplayClass4f.<InvokeActionMethodFilterAsynchronously>b__49()
   在 System.Web.Mvc.Async.AsyncControllerActionInvoker.EndInvokeActionMethodWithFilters(IAsyncResult asyncResult)
   在 System.Web.Mvc.Async.AsyncControllerActionInvoker.<>c__DisplayClass25.<>c__DisplayClass2a.<BeginInvokeAction>b__20()
   在 System.Web.Mvc.Async.AsyncControllerActionInvoker.<>c__DisplayClass25.<BeginInvokeAction>b__22(IAsyncResult asyncResult)    ###    【访问来源】:http://192.168.3.95:8125/refund/edit   ###    【访问IP】:192.168.3.95  --------2016/11/4 17:07:10 ##
******************************
日志时间：2016/11/4 17:08:05
日志级别：Error
日志内容：--【访问地址】:http://192.168.3.95:8125/Refund *注：*在执行 controller[Refund] 的 action[Index] 时产生异常:【未找到视图“Index”或其母版视图，或没有视图引擎支持搜索的位置。搜索了以下位置: 
~/Views/Refund/Index.aspx
~/Views/Refund/Index.ascx
~/Views/Shared/Index.aspx
~/Views/Shared/Index.ascx
~/Views/Refund/Index.cshtml
~/Views/Refund/Index.vbhtml
~/Views/Shared/Index.cshtml
~/Views/Shared/Index.vbhtml】，详情:   在 System.Web.Mvc.ViewResult.FindView(ControllerContext context)
   在 System.Web.Mvc.ViewResultBase.ExecuteResult(ControllerContext context)
   在 System.Web.Mvc.ControllerActionInvoker.<>c__DisplayClass1a.<InvokeActionResultWithFilters>b__17()
   在 System.Web.Mvc.ControllerActionInvoker.InvokeActionResultFilter(IResultFilter filter, ResultExecutingContext preContext, Func`1 continuation)
   在 System.Web.Mvc.Async.AsyncControllerActionInvoker.<>c__DisplayClass25.<BeginInvokeAction>b__22(IAsyncResult asyncResult)    ###    【访问来源】:http://192.168.3.95:8125/refund/edit   ###    【访问IP】:192.168.3.95  --------2016/11/4 17:08:05 ##
******************************
日志时间：2016/11/4 17:12:19
日志级别：Error
日志内容：--【访问地址】:http://192.168.3.95:8125/Refund *注：*在执行 controller[Refund] 的 action[Index] 时产生异常:【未找到视图“Index”或其母版视图，或没有视图引擎支持搜索的位置。搜索了以下位置: 
~/Views/Refund/Index.aspx
~/Views/Refund/Index.ascx
~/Views/Shared/Index.aspx
~/Views/Shared/Index.ascx
~/Views/Refund/Index.cshtml
~/Views/Refund/Index.vbhtml
~/Views/Shared/Index.cshtml
~/Views/Shared/Index.vbhtml】，详情:   在 System.Web.Mvc.ViewResult.FindView(ControllerContext context)
   在 System.Web.Mvc.ViewResultBase.ExecuteResult(ControllerContext context)
   在 System.Web.Mvc.ControllerActionInvoker.<>c__DisplayClass1a.<InvokeActionResultWithFilters>b__17()
   在 System.Web.Mvc.ControllerActionInvoker.InvokeActionResultFilter(IResultFilter filter, ResultExecutingContext preContext, Func`1 continuation)
   在 System.Web.Mvc.Async.AsyncControllerActionInvoker.<>c__DisplayClass25.<BeginInvokeAction>b__22(IAsyncResult asyncResult)    ###    【访问来源】:http://192.168.3.95:8125/Refund/Edit   ###    【访问IP】:192.168.3.95  --------2016/11/4 17:12:19 ##
******************************
日志时间：2016/11/4 17:14:23
日志级别：Error
日志内容：--【访问地址】:http://192.168.3.95:8125/Refund *注：*在执行 controller[Refund] 的 action[Index] 时产生异常:【未找到视图“Index”或其母版视图，或没有视图引擎支持搜索的位置。搜索了以下位置: 
~/Views/Refund/Index.aspx
~/Views/Refund/Index.ascx
~/Views/Shared/Index.aspx
~/Views/Shared/Index.ascx
~/Views/Refund/Index.cshtml
~/Views/Refund/Index.vbhtml
~/Views/Shared/Index.cshtml
~/Views/Shared/Index.vbhtml】，详情:   在 System.Web.Mvc.ViewResult.FindView(ControllerContext context)
   在 System.Web.Mvc.ViewResultBase.ExecuteResult(ControllerContext context)
   在 System.Web.Mvc.ControllerActionInvoker.<>c__DisplayClass1a.<InvokeActionResultWithFilters>b__17()
   在 System.Web.Mvc.ControllerActionInvoker.InvokeActionResultFilter(IResultFilter filter, ResultExecutingContext preContext, Func`1 continuation)
   在 System.Web.Mvc.Async.AsyncControllerActionInvoker.<>c__DisplayClass25.<BeginInvokeAction>b__22(IAsyncResult asyncResult)    ###    【访问来源】:http://192.168.3.95:8125/Refund/Edit   ###    【访问IP】:192.168.3.95  --------2016/11/4 17:14:23 ##
******************************
日志时间：2016/11/4 17:19:48
日志级别：Error
日志内容：--【访问地址】:http://192.168.3.95:8125/Refund/Edit *注：*在执行 controller[Refund] 的 action[Edit] 时产生异常:【未将对象引用设置到对象的实例。】，详情:   在 JiGuangLinXin.App.Core.RefundCore.Back(Int32 billNo, Guid uid, Int32 uFlag, Decimal money, String remark, Guid adminId, String adminName) 位置 e:\companyProject\极光邻信App2.0\code\JiGuangLinXin.App2.1\JiGuangLinXin.App2.0\JiGuangLinXin.App.Core\CheckHistoryCore.cs:行号 64
   在 JiGuangLinXin.App.AdminCenter.Controllers.RefundController.Edit(FormCollection obj) 位置 e:\companyProject\极光邻信App2.0\code\JiGuangLinXin.App2.1\JiGuangLinXin.App2.0\JiGuangLinXin.App.AdminCenter\Controllers\RefundController.cs:行号 44
   在 lambda_method(Closure , ControllerBase , Object[] )
   在 System.Web.Mvc.ReflectedActionDescriptor.Execute(ControllerContext controllerContext, IDictionary`2 parameters)
   在 System.Web.Mvc.ControllerActionInvoker.InvokeActionMethod(ControllerContext controllerContext, ActionDescriptor actionDescriptor, IDictionary`2 parameters)
   在 System.Web.Mvc.Async.AsyncControllerActionInvoker.<>c__DisplayClass42.<BeginInvokeSynchronousActionMethod>b__41()
   在 System.Web.Mvc.Async.AsyncControllerActionInvoker.EndInvokeActionMethod(IAsyncResult asyncResult)
   在 System.Web.Mvc.Async.AsyncControllerActionInvoker.<>c__DisplayClass37.<>c__DisplayClass39.<BeginInvokeActionMethodWithFilters>b__33()
   在 System.Web.Mvc.Async.AsyncControllerActionInvoker.<>c__DisplayClass4f.<InvokeActionMethodFilterAsynchronously>b__49()
   在 System.Web.Mvc.Async.AsyncControllerActionInvoker.EndInvokeActionMethodWithFilters(IAsyncResult asyncResult)
   在 System.Web.Mvc.Async.AsyncControllerActionInvoker.<>c__DisplayClass25.<>c__DisplayClass2a.<BeginInvokeAction>b__20()
   在 System.Web.Mvc.Async.AsyncControllerActionInvoker.<>c__DisplayClass25.<BeginInvokeAction>b__22(IAsyncResult asyncResult)    ###    【访问来源】:http://192.168.3.95:8125/Refund/Edit   ###    【访问IP】:192.168.3.95  --------2016/11/4 17:19:48 ##
******************************
日志时间：2016/11/4 17:20:01
日志级别：Error
日志内容：--【访问地址】:http://192.168.3.95:8125/Refund/Edit *注：*在执行 controller[Refund] 的 action[Edit] 时产生异常:【未将对象引用设置到对象的实例。】，详情:   在 JiGuangLinXin.App.Core.RefundCore.Back(Int32 billNo, Guid uid, Int32 uFlag, Decimal money, String remark, Guid adminId, String adminName) 位置 e:\companyProject\极光邻信App2.0\code\JiGuangLinXin.App2.1\JiGuangLinXin.App2.0\JiGuangLinXin.App.Core\CheckHistoryCore.cs:行号 41
   在 JiGuangLinXin.App.AdminCenter.Controllers.RefundController.Edit(FormCollection obj) 位置 e:\companyProject\极光邻信App2.0\code\JiGuangLinXin.App2.1\JiGuangLinXin.App2.0\JiGuangLinXin.App.AdminCenter\Controllers\RefundController.cs:行号 44
   在 lambda_method(Closure , ControllerBase , Object[] )
   在 System.Web.Mvc.ReflectedActionDescriptor.Execute(ControllerContext controllerContext, IDictionary`2 parameters)
   在 System.Web.Mvc.ControllerActionInvoker.InvokeActionMethod(ControllerContext controllerContext, ActionDescriptor actionDescriptor, IDictionary`2 parameters)
   在 System.Web.Mvc.Async.AsyncControllerActionInvoker.<>c__DisplayClass42.<BeginInvokeSynchronousActionMethod>b__41()
   在 System.Web.Mvc.Async.AsyncControllerActionInvoker.EndInvokeActionMethod(IAsyncResult asyncResult)
   在 System.Web.Mvc.Async.AsyncControllerActionInvoker.<>c__DisplayClass37.<>c__DisplayClass39.<BeginInvokeActionMethodWithFilters>b__33()
   在 System.Web.Mvc.Async.AsyncControllerActionInvoker.<>c__DisplayClass4f.<InvokeActionMethodFilterAsynchronously>b__49()
   在 System.Web.Mvc.Async.AsyncControllerActionInvoker.EndInvokeActionMethodWithFilters(IAsyncResult asyncResult)
   在 System.Web.Mvc.Async.AsyncControllerActionInvoker.<>c__DisplayClass25.<>c__DisplayClass2a.<BeginInvokeAction>b__20()
   在 System.Web.Mvc.Async.AsyncControllerActionInvoker.<>c__DisplayClass25.<BeginInvokeAction>b__22(IAsyncResult asyncResult)    ###    【访问来源】:http://192.168.3.95:8125/Refund/Edit   ###    【访问IP】:192.168.3.95  --------2016/11/4 17:20:01 ##
******************************
日志时间：2016/11/4 17:20:08
日志级别：Error
日志内容：--【访问地址】:http://192.168.3.95:8125/Refund/Edit *注：*在执行 controller[Refund] 的 action[Edit] 时产生异常:【未将对象引用设置到对象的实例。】，详情:   在 JiGuangLinXin.App.Core.RefundCore.Back(Int32 billNo, Guid uid, Int32 uFlag, Decimal money, String remark, Guid adminId, String adminName) 位置 e:\companyProject\极光邻信App2.0\code\JiGuangLinXin.App2.1\JiGuangLinXin.App2.0\JiGuangLinXin.App.Core\CheckHistoryCore.cs:行号 41
   在 JiGuangLinXin.App.AdminCenter.Controllers.RefundController.Edit(FormCollection obj) 位置 e:\companyProject\极光邻信App2.0\code\JiGuangLinXin.App2.1\JiGuangLinXin.App2.0\JiGuangLinXin.App.AdminCenter\Controllers\RefundController.cs:行号 44
   在 lambda_method(Closure , ControllerBase , Object[] )
   在 System.Web.Mvc.ReflectedActionDescriptor.Execute(ControllerContext controllerContext, IDictionary`2 parameters)
   在 System.Web.Mvc.ControllerActionInvoker.InvokeActionMethod(ControllerContext controllerContext, ActionDescriptor actionDescriptor, IDictionary`2 parameters)
   在 System.Web.Mvc.Async.AsyncControllerActionInvoker.<>c__DisplayClass42.<BeginInvokeSynchronousActionMethod>b__41()
   在 System.Web.Mvc.Async.AsyncControllerActionInvoker.EndInvokeActionMethod(IAsyncResult asyncResult)
   在 System.Web.Mvc.Async.AsyncControllerActionInvoker.<>c__DisplayClass37.<>c__DisplayClass39.<BeginInvokeActionMethodWithFilters>b__33()
   在 System.Web.Mvc.Async.AsyncControllerActionInvoker.<>c__DisplayClass4f.<InvokeActionMethodFilterAsynchronously>b__49()
   在 System.Web.Mvc.Async.AsyncControllerActionInvoker.EndInvokeActionMethodWithFilters(IAsyncResult asyncResult)
   在 System.Web.Mvc.Async.AsyncControllerActionInvoker.<>c__DisplayClass25.<>c__DisplayClass2a.<BeginInvokeAction>b__20()
   在 System.Web.Mvc.Async.AsyncControllerActionInvoker.<>c__DisplayClass25.<BeginInvokeAction>b__22(IAsyncResult asyncResult)    ###    【访问来源】:http://192.168.3.95:8125/Refund/Edit   ###    【访问IP】:192.168.3.95  --------2016/11/4 17:20:08 ##
******************************
日志时间：2016/11/4 17:20:14
日志级别：Error
日志内容：--【访问地址】:http://192.168.3.95:8125/Refund/Edit *注：*在执行 controller[Refund] 的 action[Edit] 时产生异常:【未将对象引用设置到对象的实例。】，详情:   在 JiGuangLinXin.App.Core.RefundCore.Back(Int32 billNo, Guid uid, Int32 uFlag, Decimal money, String remark, Guid adminId, String adminName) 位置 e:\companyProject\极光邻信App2.0\code\JiGuangLinXin.App2.1\JiGuangLinXin.App2.0\JiGuangLinXin.App.Core\CheckHistoryCore.cs:行号 41
   在 JiGuangLinXin.App.AdminCenter.Controllers.RefundController.Edit(FormCollection obj) 位置 e:\companyProject\极光邻信App2.0\code\JiGuangLinXin.App2.1\JiGuangLinXin.App2.0\JiGuangLinXin.App.AdminCenter\Controllers\RefundController.cs:行号 44
   在 lambda_method(Closure , ControllerBase , Object[] )
   在 System.Web.Mvc.ReflectedActionDescriptor.Execute(ControllerContext controllerContext, IDictionary`2 parameters)
   在 System.Web.Mvc.ControllerActionInvoker.InvokeActionMethod(ControllerContext controllerContext, ActionDescriptor actionDescriptor, IDictionary`2 parameters)
   在 System.Web.Mvc.Async.AsyncControllerActionInvoker.<>c__DisplayClass42.<BeginInvokeSynchronousActionMethod>b__41()
   在 System.Web.Mvc.Async.AsyncControllerActionInvoker.EndInvokeActionMethod(IAsyncResult asyncResult)
   在 System.Web.Mvc.Async.AsyncControllerActionInvoker.<>c__DisplayClass37.<>c__DisplayClass39.<BeginInvokeActionMethodWithFilters>b__33()
   在 System.Web.Mvc.Async.AsyncControllerActionInvoker.<>c__DisplayClass4f.<InvokeActionMethodFilterAsynchronously>b__49()
   在 System.Web.Mvc.Async.AsyncControllerActionInvoker.EndInvokeActionMethodWithFilters(IAsyncResult asyncResult)
   在 System.Web.Mvc.Async.AsyncControllerActionInvoker.<>c__DisplayClass25.<>c__DisplayClass2a.<BeginInvokeAction>b__20()
   在 System.Web.Mvc.Async.AsyncControllerActionInvoker.<>c__DisplayClass25.<BeginInvokeAction>b__22(IAsyncResult asyncResult)    ###    【访问来源】:http://192.168.3.95:8125/Refund/Edit   ###    【访问IP】:192.168.3.95  --------2016/11/4 17:20:14 ##
******************************
日志时间：2016/11/4 17:20:28
日志级别：Error
日志内容：--【访问地址】:http://192.168.3.95:8125/Refund/Edit *注：*在执行 controller[Refund] 的 action[Edit] 时产生异常:【未将对象引用设置到对象的实例。】，详情:   在 JiGuangLinXin.App.Core.RefundCore.Back(Int32 billNo, Guid uid, Int32 uFlag, Decimal money, String remark, Guid adminId, String adminName) 位置 e:\companyProject\极光邻信App2.0\code\JiGuangLinXin.App2.1\JiGuangLinXin.App2.0\JiGuangLinXin.App.Core\CheckHistoryCore.cs:行号 41
   在 JiGuangLinXin.App.AdminCenter.Controllers.RefundController.Edit(FormCollection obj) 位置 e:\companyProject\极光邻信App2.0\code\JiGuangLinXin.App2.1\JiGuangLinXin.App2.0\JiGuangLinXin.App.AdminCenter\Controllers\RefundController.cs:行号 44
   在 lambda_method(Closure , ControllerBase , Object[] )
   在 System.Web.Mvc.ReflectedActionDescriptor.Execute(ControllerContext controllerContext, IDictionary`2 parameters)
   在 System.Web.Mvc.ControllerActionInvoker.InvokeActionMethod(ControllerContext controllerContext, ActionDescriptor actionDescriptor, IDictionary`2 parameters)
   在 System.Web.Mvc.Async.AsyncControllerActionInvoker.<>c__DisplayClass42.<BeginInvokeSynchronousActionMethod>b__41()
   在 System.Web.Mvc.Async.AsyncControllerActionInvoker.EndInvokeActionMethod(IAsyncResult asyncResult)
   在 System.Web.Mvc.Async.AsyncControllerActionInvoker.<>c__DisplayClass37.<>c__DisplayClass39.<BeginInvokeActionMethodWithFilters>b__33()
   在 System.Web.Mvc.Async.AsyncControllerActionInvoker.<>c__DisplayClass4f.<InvokeActionMethodFilterAsynchronously>b__49()
   在 System.Web.Mvc.Async.AsyncControllerActionInvoker.EndInvokeActionMethodWithFilters(IAsyncResult asyncResult)
   在 System.Web.Mvc.Async.AsyncControllerActionInvoker.<>c__DisplayClass25.<>c__DisplayClass2a.<BeginInvokeAction>b__20()
   在 System.Web.Mvc.Async.AsyncControllerActionInvoker.<>c__DisplayClass25.<BeginInvokeAction>b__22(IAsyncResult asyncResult)    ###    【访问来源】:http://192.168.3.95:8125/Refund/Edit   ###    【访问IP】:192.168.3.95  --------2016/11/4 17:20:28 ##
******************************
日志时间：2016/11/4 17:20:35
日志级别：Error
日志内容：--【访问地址】:http://192.168.3.95:8125/Refund/Edit *注：*在执行 controller[Refund] 的 action[Edit] 时产生异常:【未将对象引用设置到对象的实例。】，详情:   在 JiGuangLinXin.App.Core.RefundCore.Back(Int32 billNo, Guid uid, Int32 uFlag, Decimal money, String remark, Guid adminId, String adminName) 位置 e:\companyProject\极光邻信App2.0\code\JiGuangLinXin.App2.1\JiGuangLinXin.App2.0\JiGuangLinXin.App.Core\CheckHistoryCore.cs:行号 41
   在 JiGuangLinXin.App.AdminCenter.Controllers.RefundController.Edit(FormCollection obj) 位置 e:\companyProject\极光邻信App2.0\code\JiGuangLinXin.App2.1\JiGuangLinXin.App2.0\JiGuangLinXin.App.AdminCenter\Controllers\RefundController.cs:行号 44
   在 lambda_method(Closure , ControllerBase , Object[] )
   在 System.Web.Mvc.ReflectedActionDescriptor.Execute(ControllerContext controllerContext, IDictionary`2 parameters)
   在 System.Web.Mvc.ControllerActionInvoker.InvokeActionMethod(ControllerContext controllerContext, ActionDescriptor actionDescriptor, IDictionary`2 parameters)
   在 System.Web.Mvc.Async.AsyncControllerActionInvoker.<>c__DisplayClass42.<BeginInvokeSynchronousActionMethod>b__41()
   在 System.Web.Mvc.Async.AsyncControllerActionInvoker.EndInvokeActionMethod(IAsyncResult asyncResult)
   在 System.Web.Mvc.Async.AsyncControllerActionInvoker.<>c__DisplayClass37.<>c__DisplayClass39.<BeginInvokeActionMethodWithFilters>b__33()
   在 System.Web.Mvc.Async.AsyncControllerActionInvoker.<>c__DisplayClass4f.<InvokeActionMethodFilterAsynchronously>b__49()
   在 System.Web.Mvc.Async.AsyncControllerActionInvoker.EndInvokeActionMethodWithFilters(IAsyncResult asyncResult)
   在 System.Web.Mvc.Async.AsyncControllerActionInvoker.<>c__DisplayClass25.<>c__DisplayClass2a.<BeginInvokeAction>b__20()
   在 System.Web.Mvc.Async.AsyncControllerActionInvoker.<>c__DisplayClass25.<BeginInvokeAction>b__22(IAsyncResult asyncResult)    ###    【访问来源】:http://192.168.3.95:8125/Refund/Edit   ###    【访问IP】:192.168.3.95  --------2016/11/4 17:20:35 ##
******************************
日志时间：2016/11/4 17:21:19
日志级别：Error
日志内容：--【访问地址】:http://192.168.3.95:8125/Refund/Edit *注：*在执行 controller[Refund] 的 action[Edit] 时产生异常:【未将对象引用设置到对象的实例。】，详情:   在 JiGuangLinXin.App.Core.RefundCore.Back(Int32 billNo, Guid uid, Int32 uFlag, Decimal money, String remark, Guid adminId, String adminName) 位置 e:\companyProject\极光邻信App2.0\code\JiGuangLinXin.App2.1\JiGuangLinXin.App2.0\JiGuangLinXin.App.Core\CheckHistoryCore.cs:行号 41
   在 JiGuangLinXin.App.AdminCenter.Controllers.RefundController.Edit(FormCollection obj) 位置 e:\companyProject\极光邻信App2.0\code\JiGuangLinXin.App2.1\JiGuangLinXin.App2.0\JiGuangLinXin.App.AdminCenter\Controllers\RefundController.cs:行号 44
   在 lambda_method(Closure , ControllerBase , Object[] )
   在 System.Web.Mvc.ReflectedActionDescriptor.Execute(ControllerContext controllerContext, IDictionary`2 parameters)
   在 System.Web.Mvc.ControllerActionInvoker.InvokeActionMethod(ControllerContext controllerContext, ActionDescriptor actionDescriptor, IDictionary`2 parameters)
   在 System.Web.Mvc.Async.AsyncControllerActionInvoker.<>c__DisplayClass42.<BeginInvokeSynchronousActionMethod>b__41()
   在 System.Web.Mvc.Async.AsyncControllerActionInvoker.EndInvokeActionMethod(IAsyncResult asyncResult)
   在 System.Web.Mvc.Async.AsyncControllerActionInvoker.<>c__DisplayClass37.<>c__DisplayClass39.<BeginInvokeActionMethodWithFilters>b__33()
   在 System.Web.Mvc.Async.AsyncControllerActionInvoker.<>c__DisplayClass4f.<InvokeActionMethodFilterAsynchronously>b__49()
   在 System.Web.Mvc.Async.AsyncControllerActionInvoker.EndInvokeActionMethodWithFilters(IAsyncResult asyncResult)
   在 System.Web.Mvc.Async.AsyncControllerActionInvoker.<>c__DisplayClass25.<>c__DisplayClass2a.<BeginInvokeAction>b__20()
   在 System.Web.Mvc.Async.AsyncControllerActionInvoker.<>c__DisplayClass25.<BeginInvokeAction>b__22(IAsyncResult asyncResult)    ###    【访问来源】:http://192.168.3.95:8125/Refund/Edit   ###    【访问IP】:192.168.3.95  --------2016/11/4 17:21:19 ##
******************************
日志时间：2016/11/4 17:23:42
日志级别：Error
日志内容：--【访问地址】:http://192.168.3.95:8125/Refund/Edit *注：*在执行 controller[Refund] 的 action[Edit] 时产生异常:【未将对象引用设置到对象的实例。】，详情:   在 JiGuangLinXin.App.Core.RefundCore.Back(Int32 billNo, Guid uid, Int32 uFlag, Decimal money, String remark, Guid adminId, String adminName) 位置 e:\companyProject\极光邻信App2.0\code\JiGuangLinXin.App2.1\JiGuangLinXin.App2.0\JiGuangLinXin.App.Core\CheckHistoryCore.cs:行号 41
   在 JiGuangLinXin.App.AdminCenter.Controllers.RefundController.Edit(FormCollection obj) 位置 e:\companyProject\极光邻信App2.0\code\JiGuangLinXin.App2.1\JiGuangLinXin.App2.0\JiGuangLinXin.App.AdminCenter\Controllers\RefundController.cs:行号 44
   在 lambda_method(Closure , ControllerBase , Object[] )
   在 System.Web.Mvc.ReflectedActionDescriptor.Execute(ControllerContext controllerContext, IDictionary`2 parameters)
   在 System.Web.Mvc.ControllerActionInvoker.InvokeActionMethod(ControllerContext controllerContext, ActionDescriptor actionDescriptor, IDictionary`2 parameters)
   在 System.Web.Mvc.Async.AsyncControllerActionInvoker.<>c__DisplayClass42.<BeginInvokeSynchronousActionMethod>b__41()
   在 System.Web.Mvc.Async.AsyncControllerActionInvoker.EndInvokeActionMethod(IAsyncResult asyncResult)
   在 System.Web.Mvc.Async.AsyncControllerActionInvoker.<>c__DisplayClass37.<>c__DisplayClass39.<BeginInvokeActionMethodWithFilters>b__33()
   在 System.Web.Mvc.Async.AsyncControllerActionInvoker.<>c__DisplayClass4f.<InvokeActionMethodFilterAsynchronously>b__49()
   在 System.Web.Mvc.Async.AsyncControllerActionInvoker.EndInvokeActionMethodWithFilters(IAsyncResult asyncResult)
   在 System.Web.Mvc.Async.AsyncControllerActionInvoker.<>c__DisplayClass25.<>c__DisplayClass2a.<BeginInvokeAction>b__20()
   在 System.Web.Mvc.Async.AsyncControllerActionInvoker.<>c__DisplayClass25.<BeginInvokeAction>b__22(IAsyncResult asyncResult)    ###    【访问来源】:http://192.168.3.95:8125/Refund/Edit   ###    【访问IP】:192.168.3.95  --------2016/11/4 17:23:42 ##
******************************
日志时间：2016/11/4 17:24:23
日志级别：Error
日志内容：--【访问地址】:http://192.168.3.95:8125/Refund/Edit *注：*在执行 controller[Refund] 的 action[Edit] 时产生异常:【未将对象引用设置到对象的实例。】，详情:   在 JiGuangLinXin.App.Core.RefundCore.Back(Int32 billNo, Guid uid, Int32 uFlag, Decimal money, String remark, Guid adminId, String adminName) 位置 e:\companyProject\极光邻信App2.0\code\JiGuangLinXin.App2.1\JiGuangLinXin.App2.0\JiGuangLinXin.App.Core\CheckHistoryCore.cs:行号 41
   在 JiGuangLinXin.App.AdminCenter.Controllers.RefundController.Edit(FormCollection obj) 位置 e:\companyProject\极光邻信App2.0\code\JiGuangLinXin.App2.1\JiGuangLinXin.App2.0\JiGuangLinXin.App.AdminCenter\Controllers\RefundController.cs:行号 44
   在 lambda_method(Closure , ControllerBase , Object[] )
   在 System.Web.Mvc.ReflectedActionDescriptor.Execute(ControllerContext controllerContext, IDictionary`2 parameters)
   在 System.Web.Mvc.ControllerActionInvoker.InvokeActionMethod(ControllerContext controllerContext, ActionDescriptor actionDescriptor, IDictionary`2 parameters)
   在 System.Web.Mvc.Async.AsyncControllerActionInvoker.<>c__DisplayClass42.<BeginInvokeSynchronousActionMethod>b__41()
   在 System.Web.Mvc.Async.AsyncControllerActionInvoker.EndInvokeActionMethod(IAsyncResult asyncResult)
   在 System.Web.Mvc.Async.AsyncControllerActionInvoker.<>c__DisplayClass37.<>c__DisplayClass39.<BeginInvokeActionMethodWithFilters>b__33()
   在 System.Web.Mvc.Async.AsyncControllerActionInvoker.<>c__DisplayClass4f.<InvokeActionMethodFilterAsynchronously>b__49()
   在 System.Web.Mvc.Async.AsyncControllerActionInvoker.EndInvokeActionMethodWithFilters(IAsyncResult asyncResult)
   在 System.Web.Mvc.Async.AsyncControllerActionInvoker.<>c__DisplayClass25.<>c__DisplayClass2a.<BeginInvokeAction>b__20()
   在 System.Web.Mvc.Async.AsyncControllerActionInvoker.<>c__DisplayClass25.<BeginInvokeAction>b__22(IAsyncResult asyncResult)    ###    【访问来源】:http://192.168.3.95:8125/Refund/Edit   ###    【访问IP】:192.168.3.95  --------2016/11/4 17:24:23 ##
******************************
日志时间：2016/11/4 17:25:21
日志级别：Error
日志内容：--【访问地址】:http://192.168.3.95:8125/Refund *注：*在执行 controller[Refund] 的 action[Index] 时产生异常:【未找到视图“Index”或其母版视图，或没有视图引擎支持搜索的位置。搜索了以下位置: 
~/Views/Refund/Index.aspx
~/Views/Refund/Index.ascx
~/Views/Shared/Index.aspx
~/Views/Shared/Index.ascx
~/Views/Refund/Index.cshtml
~/Views/Refund/Index.vbhtml
~/Views/Shared/Index.cshtml
~/Views/Shared/Index.vbhtml】，详情:   在 System.Web.Mvc.ViewResult.FindView(ControllerContext context)
   在 System.Web.Mvc.ViewResultBase.ExecuteResult(ControllerContext context)
   在 System.Web.Mvc.ControllerActionInvoker.<>c__DisplayClass1a.<InvokeActionResultWithFilters>b__17()
   在 System.Web.Mvc.ControllerActionInvoker.InvokeActionResultFilter(IResultFilter filter, ResultExecutingContext preContext, Func`1 continuation)
   在 System.Web.Mvc.Async.AsyncControllerActionInvoker.<>c__DisplayClass25.<BeginInvokeAction>b__22(IAsyncResult asyncResult)    ###    【访问来源】:http://192.168.3.95:8125/Refund/Edit   ###    【访问IP】:192.168.3.95  --------2016/11/4 17:25:21 ##
******************************
